2026-02-13T17:52:26.304Z INFO (Main) Running node version backup-7.2.0-5325-3136473 with options: -http-port=8097 -grpc-port=9124 -https-port=18097 -cert-path=/opt/couchbase/var/lib/couchbase/config/certs/chain.pem -key-path=/opt/couchbase/var/lib/couchbase/config/certs/pkey.pem -ca-path=/opt/couchbase/var/lib/couchbase/config/certs/ca.pem -ipv4=required -ipv6=optional -cbm=/opt/couchbase/bin/cbbackupmgr -node-uuid=c9a830af82defe8f9f4d0abc2002822c -public-address=127.0.0.1 -admin-port=8091 -log-file=none -log-level=debug -integrated-mode -integrated-mode-host=http://127.0.0.1:8091 -secure-integrated-mode-host=https://127.0.0.1:18091 -integrated-mode-user=@backup -tmp-dir=/opt/couchbase/var/lib/couchbase/tmp -cbauth-host=127.0.0.1:8091
2026-02-13T17:52:26.304Z INFO (Main) Initialized logger {"log level": "debug"}
2026-02-13T17:52:26.304Z INFO (Main) Getting credentials
2026-02-13T17:52:26.304Z DEBUG (Main) File limit info {"curr": 1048576, "max": 1048576, "err": null}
2026-02-13T17:52:26.304Z DEBUG (REST) (Attempt 1) (GET) Dispatching request to 'http://localhost:8091/pools/default/nodeServices'
2026-02-13T17:52:26.306Z DEBUG (REST) (Attempt 1) (GET) (200) Received response from 'http://localhost:8091/pools/default/nodeServices'
2026-02-13T17:52:26.307Z DEBUG (REST) (Attempt 1) (GET) Dispatching request to 'http://localhost:8091/pools'
2026-02-13T17:52:26.307Z DEBUG (REST) (Attempt 1) (GET) (200) Received response from 'http://localhost:8091/pools'
2026-02-13T17:52:26.307Z DEBUG (REST) (Attempt 1) (GET) Dispatching request to 'http://localhost:8091/pools/default'
2026-02-13T17:52:26.309Z DEBUG (REST) (Attempt 1) (GET) (200) Received response from 'http://localhost:8091/pools/default'
2026-02-13T17:52:26.309Z DEBUG (REST) (Attempt 1) (GET) Dispatching request to 'http://localhost:8091/pools/default/buckets'
2026-02-13T17:52:26.310Z DEBUG (REST) (Attempt 1) (GET) (200) Received response from 'http://localhost:8091/pools/default/buckets'
2026-02-13T17:52:26.310Z INFO (REST) Successfully connected to cluster | {"enterprise":true,"uuid":"4998ff9b44f73774ca90f86391d68957","developer_preview":false,"version":{"min_version":"7.2.0","is_mixed_cluster":false},"max_vbuckets":0,"uniform_vbuckets":true}
2026-02-13T17:52:26.310Z INFO (Node) Confirmed cluster uuid {"clusterUUID": "4998ff9b44f73774ca90f86391d68957"}
2026-02-13T17:52:26.318Z INFO (CBAUDIT) audit: created new audit service
2026-02-13T17:52:26.318Z INFO (Audit) Audit service initialised
2026-02-13T17:52:26.325Z INFO (Node) Starting GRPC manager
2026-02-13T17:52:26.326Z INFO (GRPC Manager) Starting GRPC Server {"address": "0.0.0.0:9124"}
2026-02-13T17:52:26.326Z INFO (GRPC Manager) Starting GRPC Server {"address": "[::]:9124"}
2026-02-13T17:52:26.328Z INFO (Node) Starting leader manager
2026-02-13T17:52:26.328Z INFO (Leader Manager) Starting leader manager
2026-02-13T17:52:26.328Z INFO (HTTP Manager) HTTP server started on {"address": "0.0.0.0:8097", "https": false}
2026-02-13T17:52:26.328Z INFO (HTTP Manager) HTTP server started on {"address": "0.0.0.0:18097", "https": true}
2026-02-13T17:52:26.328Z INFO (HTTP Manager) HTTP server started on {"address": "[::]:8097", "https": false}
2026-02-13T17:52:26.328Z INFO (HTTP Manager) HTTP server started on {"address": "[::]:18097", "https": true}
2026-02-13T17:52:26.329Z DEBUG (REST) (Attempt 1) (GET) Dispatching request to 'http://localhost:8091/pools/default/nodeServices'
2026-02-13T17:52:26.329Z INFO (Node) TLS config refreshed
2026-02-13T17:52:26.330Z DEBUG (REST) (Attempt 1) (GET) (200) Received response from 'http://localhost:8091/pools/default/nodeServices'
2026-02-13T17:52:26.330Z INFO (Storage) Starting MetaKV observer
2026-02-13T17:52:26.330Z DEBUG (REST) (Attempt 1) (GET) Dispatching request to 'http://localhost:8091/pools'
2026-02-13T17:52:26.330Z DEBUG (REST) (Attempt 1) (GET) (200) Received response from 'http://localhost:8091/pools'
2026-02-13T17:52:26.330Z DEBUG (REST) (Attempt 1) (GET) Dispatching request to 'http://localhost:8091/pools/default'
2026-02-13T17:52:26.331Z DEBUG (Leader Manager) Received store event {"eventType": 6}
2026-02-13T17:52:26.332Z DEBUG (REST) (Attempt 1) (GET) (200) Received response from 'http://localhost:8091/pools/default'
2026-02-13T17:52:26.332Z DEBUG (REST) (Attempt 1) (GET) Dispatching request to 'http://localhost:8091/pools/default/buckets'
2026-02-13T17:52:26.333Z DEBUG (REST) (Attempt 1) (GET) (200) Received response from 'http://localhost:8091/pools/default/buckets'
2026-02-13T17:52:26.333Z INFO (REST) Successfully connected to cluster | {"enterprise":true,"uuid":"4998ff9b44f73774ca90f86391d68957","developer_preview":false,"version":{"min_version":"7.2.0","is_mixed_cluster":false},"max_vbuckets":0,"uniform_vbuckets":true}
2026-02-13T17:52:26.338Z WARN (Worker) Stopping task runner with 0 task on queue
2026-02-13T17:52:26.338Z WARN (Worker) Stopped
2026-02-13T17:52:26.338Z INFO (HTTP Manager) Shutting down http server {"https": true}
2026-02-13T17:52:26.338Z INFO (HTTP Manager) Shutting down http server {"https": false}
2026-02-13T17:52:26.338Z DEBUG (HTTP Manager) HTTP servers shutdown {"time_taken": 0.000099989}
2026-02-13T17:52:26.338Z INFO (GRPC Manager) Starting GRPC Server {"address": "0.0.0.0:9124"}
2026-02-13T17:52:26.338Z INFO (GRPC Manager) Starting GRPC Server {"address": "[::]:9124"}
2026-02-13T17:52:26.341Z INFO (HTTP Manager) HTTP server started on {"address": "[::]:8097", "https": false}
2026-02-13T17:52:26.341Z INFO (HTTP Manager) HTTP server started on {"address": "[::]:18097", "https": true}
2026-02-13T17:52:26.341Z DEBUG (REST) (Attempt 1) (GET) Dispatching request to 'http://localhost:8091/pools/default/nodeServices'
2026-02-13T17:52:26.341Z INFO (HTTP Manager) HTTP server started on {"address": "0.0.0.0:8097", "https": false}
2026-02-13T17:52:26.341Z INFO (HTTP Manager) HTTP server started on {"address": "0.0.0.0:18097", "https": true}
2026-02-13T17:52:26.342Z DEBUG (REST) (Attempt 1) (GET) (200) Received response from 'http://localhost:8091/pools/default/nodeServices'
2026-02-13T17:52:26.342Z DEBUG (REST) (Attempt 1) (GET) Dispatching request to 'http://localhost:8091/pools'
2026-02-13T17:52:26.342Z DEBUG (REST) (Attempt 1) (GET) (200) Received response from 'http://localhost:8091/pools'
2026-02-13T17:52:26.342Z DEBUG (REST) (Attempt 1) (GET) Dispatching request to 'http://localhost:8091/pools/default'
2026-02-13T17:52:26.343Z DEBUG (REST) (Attempt 1) (GET) (200) Received response from 'http://localhost:8091/pools/default'
2026-02-13T17:52:26.343Z DEBUG (REST) (Attempt 1) (GET) Dispatching request to 'http://localhost:8091/pools/default/buckets'
2026-02-13T17:52:26.343Z DEBUG (REST) (Attempt 1) (GET) (200) Received response from 'http://localhost:8091/pools/default/buckets'
2026-02-13T17:52:26.343Z INFO (REST) Successfully connected to cluster | {"enterprise":true,"uuid":"4998ff9b44f73774ca90f86391d68957","developer_preview":false,"version":{"min_version":"7.2.0","is_mixed_cluster":false},"max_vbuckets":0,"uniform_vbuckets":true}
2026-02-13T17:52:31.001Z INFO (Service Manager) Prepare topology change {"change": {"id":"33e7c70fbdc4b7686e1f31e592aec594","currentTopologyRev":null,"type":"topology-change-rebalance","keepNodes":[{"nodeInfo":{"nodeId":"c9a830af82defe8f9f4d0abc2002822c","priority":1,"opaque":{"grpc_port":9124,"host":"127.0.0.1","http_port":8097}},"recoveryType":"recovery-full"}],"ejectNodes":[]}}
2026-02-13T17:52:31.001Z INFO (Service Manager) Start topology change {"change": {"id":"33e7c70fbdc4b7686e1f31e592aec594","currentTopologyRev":null,"type":"topology-change-rebalance","keepNodes":[{"nodeInfo":{"nodeId":"c9a830af82defe8f9f4d0abc2002822c","priority":1,"opaque":{"grpc_port":9124,"host":"127.0.0.1","http_port":8097}},"recoveryType":"recovery-full"}],"ejectNodes":[]}}
2026-02-13T17:52:31.001Z INFO (Rebalance) Starting rebalance {"change": {"id":"33e7c70fbdc4b7686e1f31e592aec594","currentTopologyRev":null,"type":"topology-change-rebalance","keepNodes":[{"nodeInfo":{"nodeId":"c9a830af82defe8f9f4d0abc2002822c","priority":1,"opaque":{"grpc_port":9124,"host":"127.0.0.1","http_port":8097}},"recoveryType":"recovery-full"}],"ejectNodes":[]}}
2026-02-13T17:52:31.002Z INFO (Rebalance) Got old leader {"leader": ""}
2026-02-13T17:52:31.003Z INFO (Rebalance) Got current nodes {"#nodes": 0}
2026-02-13T17:52:31.003Z INFO (Rebalance) Setting self as leader
2026-02-13T17:52:31.004Z DEBUG (Leader Manager) Received store event {"eventType": 1}
2026-02-13T17:52:31.004Z INFO (Leader Manager) Stepped up as leader
2026-02-13T17:52:31.004Z INFO (Leader Manager) Leader value changed {"leader": true}
2026-02-13T17:52:31.004Z INFO (Janitor) Starting janitor
2026-02-13T17:52:31.004Z INFO (Stats) Starting periodic stat collection {"period": "5m0s"}
2026-02-13T17:52:31.004Z INFO (Leader Manager) Constructing schedule from storage
2026-02-13T17:52:31.004Z INFO (Janitor) Starting time jump checker
2026-02-13T17:52:31.004Z INFO (Rebalance) Did the failover nodes will do eject node now {"eject nodes": []}
2026-02-13T17:52:31.004Z INFO (Rebalance) Adding nodes now {"keep nodes": [{"nodeInfo":{"nodeId":"c9a830af82defe8f9f4d0abc2002822c","priority":1,"opaque":{"grpc_port":9124,"host":"127.0.0.1","http_port":8097}},"recoveryType":"recovery-full"}]}
2026-02-13T17:52:31.004Z INFO (Rebalance) Keep node {"nodeID": "c9a830af82defe8f9f4d0abc2002822c"}
2026-02-13T17:52:31.005Z DEBUG (Rebalance) Added node to MetaKV {"nodeID": "c9a830af82defe8f9f4d0abc2002822c"}
2026-02-13T17:52:31.005Z DEBUG (Rebalance) Checking if status match {"expected": "node in"}
2026-02-13T17:52:31.006Z DEBUG (Leader Manager) Received store event {"eventType": 2}
2026-02-13T17:52:31.006Z INFO (Event Handler) (Topology) Node has been added to the cluster
2026-02-13T17:52:31.006Z INFO (Leader Manager) Switch status {"nodeStatus": "node in"}
2026-02-13T17:52:36.009Z DEBUG (Rebalance) Checking for rebalance status match failed {"attempt": 1, "error": "node status is not in", "expected": "node in"}
2026-02-13T17:52:36.009Z INFO (Rebalance) Nodes added
2026-02-13T17:52:36.009Z INFO (ClockKeeper) Starting scheduler
2026-02-13T17:52:36.010Z INFO (Rebalance) Rebalance done {"err": null, "state": {}, "cancelled": false}
2026-02-13T17:52:36.010Z INFO (Janitor) Storage access check triggered
2026-02-13T17:52:36.010Z INFO (Janitor) Running storage access check
2026-02-13T17:52:36.011Z INFO (Janitor) Running storage access check on state active
2026-02-13T17:52:36.011Z INFO (Janitor) Running storage access check on state archived
2026-02-13T17:57:32.056Z INFO (Stats) Start repositories data size collection
2026-02-13T17:57:32.058Z INFO (Stats) Stop repositories data size collection
