[couchdb:info,2026-02-13T16:55:19.809Z,couchdb_ns_1@cb.local:couch_audit<0.274.0>:couch_log:info:30]Couch audit settings changed <ud>[{audit_enabled,false},
                                  {disabled_users,[]},
                                  {enabled_events,[]}]</ud>
[couchdb:info,2026-02-13T16:56:19.696Z,couchdb_ns_1@cb.local:couch_query_logger<0.216.0>:couch_log:info:30]Query-Volume
---
[couchdb:info,2026-02-13T16:57:19.697Z,couchdb_ns_1@cb.local:couch_query_logger<0.216.0>:couch_log:info:30]Query-Volume
---
[couchdb:info,2026-02-13T16:58:19.698Z,couchdb_ns_1@cb.local:couch_query_logger<0.216.0>:couch_log:info:30]Query-Volume
---
[couchdb:info,2026-02-13T16:59:19.699Z,couchdb_ns_1@cb.local:couch_query_logger<0.216.0>:couch_log:info:30]Query-Volume
---
[couchdb:info,2026-02-13T17:00:19.757Z,couchdb_ns_1@cb.local:couch_query_logger<0.216.0>:couch_log:info:30]Query-Volume
---
[couchdb:info,2026-02-13T17:01:19.723Z,couchdb_ns_1@cb.local:couch_query_logger<0.216.0>:couch_log:info:30]Query-Volume
---
[couchdb:info,2026-02-13T17:02:19.723Z,couchdb_ns_1@cb.local:couch_query_logger<0.216.0>:couch_log:info:30]Query-Volume
---
[couchdb:info,2026-02-13T17:03:19.793Z,couchdb_ns_1@cb.local:couch_query_logger<0.216.0>:couch_log:info:30]Query-Volume
---
[couchdb:info,2026-02-13T17:04:19.798Z,couchdb_ns_1@cb.local:couch_query_logger<0.216.0>:couch_log:info:30]Query-Volume
---
[couchdb:info,2026-02-13T17:05:19.822Z,couchdb_ns_1@cb.local:couch_query_logger<0.216.0>:couch_log:info:30]Query-Volume
---
[couchdb:info,2026-02-13T17:06:19.816Z,couchdb_ns_1@cb.local:couch_query_logger<0.216.0>:couch_log:info:30]Query-Volume
---
[couchdb:info,2026-02-13T17:07:19.995Z,couchdb_ns_1@cb.local:couch_query_logger<0.216.0>:couch_log:info:30]Query-Volume
---
[couchdb:info,2026-02-13T17:08:19.839Z,couchdb_ns_1@cb.local:couch_query_logger<0.216.0>:couch_log:info:30]Query-Volume
---
[couchdb:info,2026-02-13T17:09:19.778Z,couchdb_ns_1@cb.local:couch_query_logger<0.216.0>:couch_log:info:30]Query-Volume
---
[couchdb:info,2026-02-13T17:10:19.807Z,couchdb_ns_1@cb.local:couch_query_logger<0.216.0>:couch_log:info:30]Query-Volume
---
[couchdb:info,2026-02-13T17:11:19.780Z,couchdb_ns_1@cb.local:couch_query_logger<0.216.0>:couch_log:info:30]Query-Volume
---
[couchdb:info,2026-02-13T17:12:19.832Z,couchdb_ns_1@cb.local:couch_query_logger<0.216.0>:couch_log:info:30]Query-Volume
---
[couchdb:info,2026-02-13T17:13:19.790Z,couchdb_ns_1@cb.local:couch_query_logger<0.216.0>:couch_log:info:30]Query-Volume
---
[couchdb:info,2026-02-13T17:14:19.811Z,couchdb_ns_1@cb.local:couch_query_logger<0.216.0>:couch_log:info:30]Query-Volume
---
[couchdb:info,2026-02-13T17:15:19.890Z,couchdb_ns_1@cb.local:couch_query_logger<0.216.0>:couch_log:info:30]Query-Volume
---
[couchdb:info,2026-02-13T17:16:19.817Z,couchdb_ns_1@cb.local:couch_query_logger<0.216.0>:couch_log:info:30]Query-Volume
---
[couchdb:info,2026-02-13T17:17:19.880Z,couchdb_ns_1@cb.local:couch_query_logger<0.216.0>:couch_log:info:30]Query-Volume
---
[couchdb:info,2026-02-13T17:18:19.804Z,couchdb_ns_1@cb.local:couch_query_logger<0.216.0>:couch_log:info:30]Query-Volume
---
[couchdb:info,2026-02-13T17:19:19.865Z,couchdb_ns_1@cb.local:couch_query_logger<0.216.0>:couch_log:info:30]Query-Volume
---
[couchdb:info,2026-02-13T17:20:19.898Z,couchdb_ns_1@cb.local:couch_query_logger<0.216.0>:couch_log:info:30]Query-Volume
---
[couchdb:info,2026-02-13T17:21:19.853Z,couchdb_ns_1@cb.local:couch_query_logger<0.216.0>:couch_log:info:30]Query-Volume
---
[couchdb:info,2026-02-13T17:22:19.900Z,couchdb_ns_1@cb.local:couch_query_logger<0.216.0>:couch_log:info:30]Query-Volume
---
[couchdb:info,2026-02-13T17:23:19.863Z,couchdb_ns_1@cb.local:couch_query_logger<0.216.0>:couch_log:info:30]Query-Volume
---
[couchdb:info,2026-02-13T17:24:19.903Z,couchdb_ns_1@cb.local:couch_query_logger<0.216.0>:couch_log:info:30]Query-Volume
---
[couchdb:info,2026-02-13T17:25:19.872Z,couchdb_ns_1@cb.local:couch_query_logger<0.216.0>:couch_log:info:30]Query-Volume
---
[couchdb:info,2026-02-13T17:26:19.922Z,couchdb_ns_1@cb.local:couch_query_logger<0.216.0>:couch_log:info:30]Query-Volume
---
[couchdb:info,2026-02-13T17:27:19.866Z,couchdb_ns_1@cb.local:couch_query_logger<0.216.0>:couch_log:info:30]Query-Volume
---
[couchdb:info,2026-02-13T17:28:19.841Z,couchdb_ns_1@cb.local:couch_query_logger<0.216.0>:couch_log:info:30]Query-Volume
---
[couchdb:info,2026-02-13T17:29:19.928Z,couchdb_ns_1@cb.local:couch_query_logger<0.216.0>:couch_log:info:30]Query-Volume
---
[couchdb:info,2026-02-13T17:30:19.874Z,couchdb_ns_1@cb.local:couch_query_logger<0.216.0>:couch_log:info:30]Query-Volume
---
[couchdb:info,2026-02-13T17:31:19.912Z,couchdb_ns_1@cb.local:couch_query_logger<0.216.0>:couch_log:info:30]Query-Volume
---
[couchdb:info,2026-02-13T17:32:19.870Z,couchdb_ns_1@cb.local:couch_query_logger<0.216.0>:couch_log:info:30]Query-Volume
---
[couchdb:info,2026-02-13T17:33:19.877Z,couchdb_ns_1@cb.local:couch_query_logger<0.216.0>:couch_log:info:30]Query-Volume
---
[couchdb:info,2026-02-13T17:34:19.921Z,couchdb_ns_1@cb.local:couch_query_logger<0.216.0>:couch_log:info:30]Query-Volume
---
[couchdb:info,2026-02-13T17:35:19.849Z,couchdb_ns_1@cb.local:couch_query_logger<0.216.0>:couch_log:info:30]Query-Volume
---
[couchdb:info,2026-02-13T17:36:19.938Z,couchdb_ns_1@cb.local:couch_query_logger<0.216.0>:couch_log:info:30]Query-Volume
---
[couchdb:info,2026-02-13T17:37:19.992Z,couchdb_ns_1@cb.local:couch_query_logger<0.216.0>:couch_log:info:30]Query-Volume
---
[couchdb:info,2026-02-13T17:38:19.956Z,couchdb_ns_1@cb.local:couch_query_logger<0.216.0>:couch_log:info:30]Query-Volume
---
[couchdb:info,2026-02-13T17:39:19.904Z,couchdb_ns_1@cb.local:couch_query_logger<0.216.0>:couch_log:info:30]Query-Volume
---
[couchdb:info,2026-02-13T17:40:19.972Z,couchdb_ns_1@cb.local:couch_query_logger<0.216.0>:couch_log:info:30]Query-Volume
---
[couchdb:info,2026-02-13T17:41:19.973Z,couchdb_ns_1@cb.local:couch_query_logger<0.216.0>:couch_log:info:30]Query-Volume
---
[couchdb:info,2026-02-13T17:42:19.982Z,couchdb_ns_1@cb.local:couch_query_logger<0.216.0>:couch_log:info:30]Query-Volume
---
[couchdb:info,2026-02-13T17:43:19.918Z,couchdb_ns_1@cb.local:couch_query_logger<0.216.0>:couch_log:info:30]Query-Volume
---
[couchdb:info,2026-02-13T17:44:19.980Z,couchdb_ns_1@cb.local:couch_query_logger<0.216.0>:couch_log:info:30]Query-Volume
---
[couchdb:info,2026-02-13T17:45:19.947Z,couchdb_ns_1@cb.local:couch_query_logger<0.216.0>:couch_log:info:30]Query-Volume
---
[couchdb:info,2026-02-13T17:46:20.121Z,couchdb_ns_1@cb.local:couch_query_logger<0.216.0>:couch_log:info:30]Query-Volume
---
[couchdb:info,2026-02-13T17:47:19.972Z,couchdb_ns_1@cb.local:couch_query_logger<0.216.0>:couch_log:info:30]Query-Volume
---
[couchdb:info,2026-02-13T17:48:19.972Z,couchdb_ns_1@cb.local:couch_query_logger<0.216.0>:couch_log:info:30]Query-Volume
---
[couchdb:info,2026-02-13T17:49:19.960Z,couchdb_ns_1@cb.local:couch_query_logger<0.216.0>:couch_log:info:30]Query-Volume
---
[couchdb:info,2026-02-13T17:50:19.972Z,couchdb_ns_1@cb.local:couch_query_logger<0.216.0>:couch_log:info:30]Query-Volume
---
[couchdb:info,2026-02-13T17:51:19.978Z,couchdb_ns_1@cb.local:couch_query_logger<0.216.0>:couch_log:info:30]Query-Volume
---
[couchdb:info,2026-02-13T17:52:19.937Z,couchdb_ns_1@cb.local:couch_query_logger<0.216.0>:couch_log:info:30]Query-Volume
---
[couchdb:info,2026-02-13T17:53:19.984Z,couchdb_ns_1@cb.local:couch_query_logger<0.216.0>:couch_log:info:30]Query-Volume
---
[couchdb:info,2026-02-13T17:53:47.602Z,couchdb_ns_1@cb.local:<0.2756.1>:couch_log:info:30]Deleting couch file "/opt/couchbase/var/lib/couchbase/data/notification/master.couch.1.compact" with renaming it to "/opt/couchbase/var/lib/couchbase/data/.delete/e750dcab3a43380b5c7cc2637da4587b"
[couchdb:info,2026-02-13T17:53:47.606Z,couchdb_ns_1@cb.local:<0.2756.1>:couch_log:info:30]Deleting couch file "/opt/couchbase/var/lib/couchbase/data/notification/master.couch.1.compact" with renaming it to "/opt/couchbase/var/lib/couchbase/data/.delete/2b8106d907c3d2bfc4ad77bf1f9e3df7"
[couchdb:info,2026-02-13T17:53:47.615Z,couchdb_ns_1@cb.local:couch_view<0.234.0>:couch_log:info:30]Deleting couch file "/opt/couchbase/var/lib/couchbase/data/.notification/master_temp" with renaming it to "/opt/couchbase/var/lib/couchbase/data/.delete/c0a8aa37950ffc5ae229a39042be7caa"
[couchdb:info,2026-02-13T17:53:47.617Z,couchdb_ns_1@cb.local:couch_view<0.234.0>:couch_log:info:30]Deleting couch file "/opt/couchbase/var/lib/couchbase/data/.notification/master_temp" with renaming it to "/opt/couchbase/var/lib/couchbase/data/.delete/5886f96d3cae2d1aee5506519ff67ab7"
[couchdb:info,2026-02-13T17:54:19.983Z,couchdb_ns_1@cb.local:couch_query_logger<0.216.0>:couch_log:info:30]Query-Volume
---
[couchdb:info,2026-02-13T17:55:19.988Z,couchdb_ns_1@cb.local:couch_query_logger<0.216.0>:couch_log:info:30]Query-Volume
---
[couchdb:info,2026-02-13T17:56:19.992Z,couchdb_ns_1@cb.local:couch_query_logger<0.216.0>:couch_log:info:30]Query-Volume
---
[couchdb:info,2026-02-13T17:57:19.992Z,couchdb_ns_1@cb.local:couch_query_logger<0.216.0>:couch_log:info:30]Query-Volume
---
[couchdb:info,2026-02-13T17:58:20.006Z,couchdb_ns_1@cb.local:couch_query_logger<0.216.0>:couch_log:info:30]Query-Volume
---
[couchdb:info,2026-02-13T17:59:20.007Z,couchdb_ns_1@cb.local:couch_query_logger<0.216.0>:couch_log:info:30]Query-Volume
---
