[ns_server:error,2026-02-13T17:52:26.415Z,ns_1@127.0.0.1:service_status_keeper_worker<0.607.0>:rest_utils:get_json:62]Request to (fts) api/nsstatus with headers [] failed: {error,
                                                       {econnrefused,
                                                        [{lhttpc_client,
                                                          send_request,1,
                                                          [{file,
                                                            "/home/couchbase/jenkins/workspace/couchbase-server-unix/couchdb/src/lhttpc/lhttpc_client.erl"},
                                                           {line,220}]},
                                                         {lhttpc_client,
                                                          execute,9,
                                                          [{file,
                                                            "/home/couchbase/jenkins/workspace/couchbase-server-unix/couchdb/src/lhttpc/lhttpc_client.erl"},
                                                           {line,169}]},
                                                         {lhttpc_client,
                                                          request,9,
                                                          [{file,
                                                            "/home/couchbase/jenkins/workspace/couchbase-server-unix/couchdb/src/lhttpc/lhttpc_client.erl"},
                                                           {line,93}]}]}}
[ns_server:error,2026-02-13T17:52:26.415Z,ns_1@127.0.0.1:service_status_keeper-fts<0.613.0>:service_status_keeper:handle_cast:103]Service service_fts returned incorrect status
[ns_server:error,2026-02-13T17:52:26.416Z,ns_1@127.0.0.1:service_status_keeper_worker<0.607.0>:rest_utils:get_json:62]Request to (indexer) getIndexStatus with headers [] failed: {error,
                                                             {econnrefused,
                                                              [{lhttpc_client,
                                                                send_request,
                                                                1,
                                                                [{file,
                                                                  "/home/couchbase/jenkins/workspace/couchbase-server-unix/couchdb/src/lhttpc/lhttpc_client.erl"},
                                                                 {line,220}]},
                                                               {lhttpc_client,
                                                                execute,9,
                                                                [{file,
                                                                  "/home/couchbase/jenkins/workspace/couchbase-server-unix/couchdb/src/lhttpc/lhttpc_client.erl"},
                                                                 {line,169}]},
                                                               {lhttpc_client,
                                                                request,9,
                                                                [{file,
                                                                  "/home/couchbase/jenkins/workspace/couchbase-server-unix/couchdb/src/lhttpc/lhttpc_client.erl"},
                                                                 {line,
                                                                  93}]}]}}
[ns_server:error,2026-02-13T17:52:26.416Z,ns_1@127.0.0.1:service_status_keeper-index<0.609.0>:service_status_keeper:handle_cast:103]Service service_index returned incorrect status
