2026-02-13T17:52:26.371+00:00 [INFO] main: /opt/couchbase/bin/cbft started (v0.6.0/5.6.0)
2026-02-13T17:52:26.371+00:00 [INFO] main: file descriptor limit current: 1048576 max: 1048576
2026-02-13T17:52:26.371+00:00 [INFO]   -authType="cbauth"
2026-02-13T17:52:26.371+00:00 [INFO]   -bindGrpc="127.0.0.1:9130,0.0.0.0:9130"
2026-02-13T17:52:26.371+00:00 [INFO]   -bindGrpcSsl="127.0.0.1:19130,0.0.0.0:19130"
2026-02-13T17:52:26.371+00:00 [INFO]   -bindHttp="127.0.0.1:8094,0.0.0.0:8094"
2026-02-13T17:52:26.371+00:00 [INFO]   -bindHttps=":18094"
2026-02-13T17:52:26.371+00:00 [INFO]   -cfgConnect="metakv"
2026-02-13T17:52:26.371+00:00 [INFO]   -container=""
2026-02-13T17:52:26.371+00:00 [INFO]   -dataDir="/opt/couchbase/var/lib/couchbase/data/@fts"
2026-02-13T17:52:26.371+00:00 [INFO]   -extras="127.0.0.1:8091"
2026-02-13T17:52:26.371+00:00 [INFO]   -help="false"
2026-02-13T17:52:26.371+00:00 [INFO]   -options="startCheckServer=skip,slowQueryLogTimeout=5s,defaultMaxPartitionsPerPIndex=1024,bleveMaxResultWindow=10000,failoverAssignAllPrimaries=false,hideUI=true,cbaudit=true,ftsMemoryQuota=262144000,maxReplicasAllowed=3,bucketTypesAllowed=membase:ephemeral,http2=true,vbuckets=1024,ipv4=required,ipv6=optional"
2026-02-13T17:52:26.371+00:00 [INFO]   -register="wanted"
2026-02-13T17:52:26.371+00:00 [INFO]   -server="http://127.0.0.1:8091"
2026-02-13T17:52:26.371+00:00 [INFO]   -serverSslPort="18091"
2026-02-13T17:52:26.371+00:00 [INFO]   -staticDir="static"
2026-02-13T17:52:26.371+00:00 [INFO]   -staticETag=""
2026-02-13T17:52:26.371+00:00 [INFO]   -tags="feed,janitor,pindex,queryer,cbauth_service"
2026-02-13T17:52:26.371+00:00 [INFO]   -tlsCAFile="/opt/couchbase/var/lib/couchbase/config/certs/ca.pem"
2026-02-13T17:52:26.371+00:00 [INFO]   -tlsCertFile="/opt/couchbase/var/lib/couchbase/config/certs/chain.pem"
2026-02-13T17:52:26.371+00:00 [INFO]   -tlsKeyFile="/opt/couchbase/var/lib/couchbase/config/certs/pkey.pem"
2026-02-13T17:52:26.371+00:00 [INFO]   -uuid="c9a830af82defe8f9f4d0abc2002822c"
2026-02-13T17:52:26.371+00:00 [INFO]   -version="false"
2026-02-13T17:52:26.371+00:00 [INFO]   -weight="1"
2026-02-13T17:52:26.371+00:00 [INFO]   GOMAXPROCS=16
2026-02-13T17:52:26.371+00:00 [INFO] main: registered bleve stores
2026-02-13T17:52:26.371+00:00 [INFO]   gtreap
2026-02-13T17:52:26.371+00:00 [INFO]   boltdb
2026-02-13T17:52:26.371+00:00 [INFO]   metrics
2026-02-13T17:52:26.371+00:00 [INFO]   goleveldb
2026-02-13T17:52:26.371+00:00 [INFO]   moss
2026-02-13T17:52:26.374+00:00 [INFO] main: curr dir: "/opt/couchbase/var/lib/couchbase"
2026-02-13T17:52:26.374+00:00 [INFO] main: data dir: "/opt/couchbase/var/lib/couchbase/data/@fts"
2026-02-13T17:52:26.378+00:00 [INFO] cbauth: key: cbgt/httpClient registered for tls config updates
2026-02-13T17:52:26.378+00:00 [INFO] cbauth: key: fts/remoteClients registered for tls config updates
2026-02-13T17:52:26.379+00:00 [INFO] cbauth: received security change notification, code: 7
2026-02-13T17:52:26.380+00:00 [INFO] init_mem: the FTS memory quota is: 262144000 bytes
2026-02-13T17:52:26.380+00:00 [INFO] app_herder: memQuota: 262144000, appQuota: 262144000, indexQuota: 196608000, queryQuota: 235929600
2026-02-13T17:52:26.380+00:00 [INFO] main: FTS CPU quota is: 16
2026-02-13T17:52:26.380+00:00 [INFO] cbauth: key: fts/limits registered for tls config updates
2026-02-13T17:52:26.380+00:00 [INFO] main: custom jsoniter json implementation enabled
2026-02-13T17:52:26.383+00:00 [INFO] server_groups: debounce duration: 2000 MS
2026-02-13T17:52:26.384+00:00 [INFO] server_groups: pool streaming started
2026-02-13T17:52:26.385+00:00 [INFO] audit: created new audit service
2026-02-13T17:52:26.385+00:00 [INFO] cbauth: key: fts/grpc,grpc-ssl registered for tls config updates
2026-02-13T17:52:26.385+00:00 [WARN] init_grpc: ipv6 listener not set up for 0.0.0.0:9130 -- main.startGrpcServer() at init_grpc.go:167
2026-02-13T17:52:26.385+00:00 [WARN] init_grpc: ipv6 listener not set up for 0.0.0.0:19130 -- main.startGrpcServer() at init_grpc.go:167
2026-02-13T17:52:26.385+00:00 [INFO] init_grpc: GrpcServer Started at "0.0.0.0:9130", proto: "tcp4"
2026-02-13T17:52:26.386+00:00 [INFO] init_grpc: GrpcServer Started at "0.0.0.0:19130", proto: "tcp4"
2026-02-13T17:52:26.386+00:00 [INFO] cbauth: notifying configs change for key: fts/limits
2026-02-13T17:52:26.386+00:00 [INFO] cbauth: notifying configs change for key: fts/grpc,grpc-ssl
2026-02-13T17:52:26.386+00:00 [INFO] cbauth: notifying configs change for key: fts/remoteClients
2026-02-13T17:52:26.386+00:00 [INFO] cbauth: notifying configs change for key: cbgt/httpClient
2026-02-13T17:52:26.386+00:00 [WARN] init_grpc: ipv6 listener not set up for 0.0.0.0:19130 -- main.startGrpcServer() at init_grpc.go:167
2026-02-13T17:52:26.387+00:00 [INFO] init_grpc: GrpcServer Started at "0.0.0.0:19130", proto: "tcp4"
2026-02-13T17:52:26.388+00:00 [INFO] main: ctl starting, dryRun: false, waitForMemberNodes: 30, verbose: 3, maxConcurrentPartitionMovesPerNode: 1
2026-02-13T17:52:26.392+00:00 [INFO] ctl: cluster member nodes at startup: []
2026-02-13T17:52:26.392+00:00 [INFO] ctl: kickIndexDefs, kind: init
2026-02-13T17:52:26.393+00:00 [INFO] manager: container: 
2026-02-13T17:52:26.395+00:00 [INFO] manager: setting the nodeDefs implVersion to 5.6.0
2026-02-13T17:52:26.395+00:00 [INFO] cfg_metakv: Set, key: nodeDefs-known, cas: 3, split: true, nodeUUID: c9a830af82defe8f9f4d0abc2002822c
2026-02-13T17:52:26.395+00:00 [INFO] planner: nodesRemove: []string(nil)
2026-02-13T17:52:26.395+00:00 [INFO] planner: step planner
2026-02-13T17:52:26.396+00:00 [INFO] cfg_metakv: Set, key: version, cas: 1, split: false, nodeUUID: c9a830af82defe8f9f4d0abc2002822c
2026-02-13T17:52:26.397+00:00 [INFO] cfg_metakv: Set path: /fts/cbgt/cfg/version
2026-02-13T17:52:26.398+00:00 [INFO] cfg_metakv: metaKVCallback, path: /fts/cbgt/cfg/version, key: version, deletion: false
2026-02-13T17:52:26.398+00:00 [INFO] version: CheckVersion, Cfg version updated 5.6.0
2026-02-13T17:52:26.398+00:00 [INFO] cfg_metakv: Set split, key: nodeDefs-known, added: map[c9a830af82defe8f9f4d0abc2002822c:true], removed: map[], updated: map[]
2026-02-13T17:52:26.398+00:00 [INFO] cfg_metakv: Set split, key: nodeDefs-known, childPath: /fts/cbgt/cfg/nodeDefs-known/c9a830af82defe8f9f4d0abc2002822c
2026-02-13T17:52:26.401+00:00 [INFO] cfg_metakv: metaKVCallback, path: /fts/cbgt/cfg/nodeDefs-known/c9a830af82defe8f9f4d0abc2002822c, key: nodeDefs-known/c9a830af82defe8f9f4d0abc2002822c, deletion: false
2026-02-13T17:52:26.409+00:00 [INFO] manager: setting the nodeDefs implVersion to 5.6.0
2026-02-13T17:52:26.409+00:00 [INFO] cfg_metakv: Set, key: nodeDefs-wanted, cas: 6, split: true, nodeUUID: c9a830af82defe8f9f4d0abc2002822c
2026-02-13T17:52:26.409+00:00 [WARN] cfg_metakv: Set split, key: nodeDefs-wanted, cas mismatch: 6 != 9 -- cbgt.(*cfgMetaKvNodeDefsSplitHandler).set() at cfg_metakv.go:425
2026-02-13T17:52:26.417+00:00 [INFO] manager: setting the nodeDefs implVersion to 5.6.0
2026-02-13T17:52:26.417+00:00 [INFO] cfg_metakv: Set, key: nodeDefs-wanted, cas: a, split: true, nodeUUID: c9a830af82defe8f9f4d0abc2002822c
2026-02-13T17:52:26.417+00:00 [WARN] cfg_metakv: Set split, key: nodeDefs-wanted, cas mismatch: a != c -- cbgt.(*cfgMetaKvNodeDefsSplitHandler).set() at cfg_metakv.go:425
2026-02-13T17:52:26.419+00:00 [INFO] manager: setting the nodeDefs implVersion to 5.6.0
2026-02-13T17:52:26.419+00:00 [INFO] cfg_metakv: Set, key: nodeDefs-wanted, cas: d, split: true, nodeUUID: c9a830af82defe8f9f4d0abc2002822c
2026-02-13T17:52:26.420+00:00 [INFO] cfg_metakv: Set split, key: nodeDefs-wanted, added: map[c9a830af82defe8f9f4d0abc2002822c:true], removed: map[], updated: map[]
2026-02-13T17:52:26.420+00:00 [INFO] cfg_metakv: Set split, key: nodeDefs-wanted, childPath: /fts/cbgt/cfg/nodeDefs-wanted/c9a830af82defe8f9f4d0abc2002822c
2026-02-13T17:52:26.424+00:00 [INFO] manager: loading dataDir...
2026-02-13T17:52:26.424+00:00 [INFO] cfg_metakv: metaKVCallback, path: /fts/cbgt/cfg/nodeDefs-wanted/c9a830af82defe8f9f4d0abc2002822c, key: nodeDefs-wanted/c9a830af82defe8f9f4d0abc2002822c, deletion: false
2026-02-13T17:52:26.424+00:00 [INFO] ctl: cfgEvent, kind: nodeDefs-wanted
2026-02-13T17:52:26.424+00:00 [INFO] ctl: kickIndexDefs, kind: cfgEvent
2026-02-13T17:52:26.426+00:00 [INFO] ctl: run, kind: nodeDefs-wanted, updated memberNodes: {c9a830af82defe8f9f4d0abc2002822c;}
2026-02-13T17:52:26.428+00:00 [INFO] manager: loading dataDir... done
2026-02-13T17:52:26.428+00:00 [INFO] janitor: awakes, op: kick, msg: start
2026-02-13T17:52:26.429+00:00 [INFO] cfg_metakv: metaKVCallback, path: /fts/cbgt/cfg/nodeDefs-wanted/c9a830af82defe8f9f4d0abc2002822c, key: nodeDefs-wanted/c9a830af82defe8f9f4d0abc2002822c, deletion: false
2026-02-13T17:52:26.433+00:00 [WARN] janitor: JanitorOnce, err: janitor: skipped on nil planPIndexes -- cbgt.(*Manager).JanitorLoop() at manager_janitor.go:93
2026-02-13T17:52:26.433+00:00 [INFO] cfg_metakv: metaKVCallback, path: /fts/cbgt/cfg/nodeDefs-known/c9a830af82defe8f9f4d0abc2002822c, key: nodeDefs-known/c9a830af82defe8f9f4d0abc2002822c, deletion: false
2026-02-13T17:52:26.433+00:00 [INFO] janitor: awakes, op: kick, msg: cfg changed, key: nodeDefs-wanted
2026-02-13T17:52:26.433+00:00 [INFO] ctl: cfgEvent, kind: nodeDefs-wanted
2026-02-13T17:52:26.433+00:00 [INFO] ctl: kickIndexDefs, kind: cfgEvent
2026-02-13T17:52:26.433+00:00 [INFO] cfg_metakv: metaKVCallback, path: /fts/cbgt/cfg/version, key: version, deletion: false
2026-02-13T17:52:26.438+00:00 [WARN] janitor: JanitorOnce, err: janitor: skipped on nil planPIndexes -- cbgt.(*Manager).JanitorLoop() at manager_janitor.go:93
2026-02-13T17:52:26.439+00:00 [INFO] cbauth: key: fts/http,https registered for tls config updates
2026-02-13T17:52:26.439+00:00 [INFO] main: ------------------------------------------------------
2026-02-13T17:52:26.439+00:00 [INFO] init_http: web UI / REST API is available: http://0.0.0.0:8094
2026-02-13T17:52:26.439+00:00 [INFO] main: ------------------------------------------------------
2026-02-13T17:52:26.439+00:00 [WARN] init_http: ipv6 listener not set up for 0.0.0.0:8094 -- main.mainServeHTTP() at init_http.go:272
2026-02-13T17:52:26.439+00:00 [INFO] main: ------------------------------------------------------
2026-02-13T17:52:26.439+00:00 [INFO] main: cbauth_service registering...
2026-02-13T17:52:26.439+00:00 [INFO] init_http: Setting up a http limit listener at "0.0.0.0:8094", proto: "tcp4"
2026-02-13T17:52:26.439+00:00 [INFO] init_http: web UI / REST API is available: https://:18094
2026-02-13T17:52:26.439+00:00 [INFO] main: ------------------------------------------------------
2026-02-13T17:52:26.439+00:00 [INFO] init_http: Setting up a https limit listener at ":18094", proto: "tcp6"
2026-02-13T17:52:26.439+00:00 [INFO] init_http: Setting up a https limit listener at ":18094", proto: "tcp4"
2026-02-13T17:52:26.440+00:00 [INFO] ctl: run, kind: nodeDefs-wanted, updated memberNodes: {c9a830af82defe8f9f4d0abc2002822c;}
2026-02-13T17:52:26.441+00:00 [INFO] ctl/manager: GetTaskList, haveTasksRev: , changed, rv: &{Rev:[48] Tasks:[]}
2026-02-13T17:52:26.441+00:00 [INFO] ctl/manager: GetCurrentTopology, haveTopologyRev: , changed, rv: &{Rev:[53] Nodes:[c9a830af82defe8f9f4d0abc2002822c] IsBalanced:true Messages:[]}
2026-02-13T17:52:28.389+00:00 [INFO] cfg_metakv: Set, key: nodeDefs-known, cas: ffffffffffffffff, split: true, nodeUUID: c9a830af82defe8f9f4d0abc2002822c
2026-02-13T17:52:28.389+00:00 [INFO] cfg_metakv: Set split, key: nodeDefs-known, added: map[], removed: map[], updated: map[c9a830af82defe8f9f4d0abc2002822c:true]
2026-02-13T17:52:28.389+00:00 [INFO] cfg_metakv: Set split, key: nodeDefs-known, childPath: /fts/cbgt/cfg/nodeDefs-known/c9a830af82defe8f9f4d0abc2002822c
2026-02-13T17:52:28.392+00:00 [INFO] cfg_metakv: metaKVCallback, path: /fts/cbgt/cfg/nodeDefs-known/c9a830af82defe8f9f4d0abc2002822c, key: nodeDefs-known/c9a830af82defe8f9f4d0abc2002822c, deletion: false
2026-02-13T17:52:28.392+00:00 [INFO] server_groups: nodeDefs updated for kind: known
2026-02-13T17:52:28.393+00:00 [INFO] cfg_metakv: Set, key: nodeDefs-wanted, cas: ffffffffffffffff, split: true, nodeUUID: c9a830af82defe8f9f4d0abc2002822c
2026-02-13T17:52:28.393+00:00 [INFO] cfg_metakv: Set split, key: nodeDefs-wanted, added: map[], removed: map[], updated: map[c9a830af82defe8f9f4d0abc2002822c:true]
2026-02-13T17:52:28.393+00:00 [INFO] cfg_metakv: Set split, key: nodeDefs-wanted, childPath: /fts/cbgt/cfg/nodeDefs-wanted/c9a830af82defe8f9f4d0abc2002822c
2026-02-13T17:52:28.394+00:00 [INFO] server_groups: nodeDefs updated for kind: wanted
2026-02-13T17:52:28.394+00:00 [INFO] server_groups: node: c9a830af82defe8f9f4d0abc2002822c has moved from server group:  to group: datacenter/Group 1
2026-02-13T17:52:28.394+00:00 [INFO] cfg_metakv: metaKVCallback, path: /fts/cbgt/cfg/nodeDefs-wanted/c9a830af82defe8f9f4d0abc2002822c, key: nodeDefs-wanted/c9a830af82defe8f9f4d0abc2002822c, deletion: false
2026-02-13T17:52:28.395+00:00 [INFO] manager: refreshed container: datacenter/Group 1
2026-02-13T17:52:28.395+00:00 [INFO] ctl: cfgEvent, kind: nodeDefs-wanted
2026-02-13T17:52:28.395+00:00 [INFO] ctl: kickIndexDefs, kind: cfgEvent
2026-02-13T17:52:28.395+00:00 [INFO] janitor: awakes, op: kick, msg: cfg changed, key: nodeDefs-wanted
2026-02-13T17:52:28.397+00:00 [INFO] ctl: run, kind: nodeDefs-wanted, updated memberNodes: {c9a830af82defe8f9f4d0abc2002822c;}
2026-02-13T17:52:28.400+00:00 [WARN] janitor: JanitorOnce, err: janitor: skipped on nil planPIndexes -- cbgt.(*Manager).JanitorLoop() at manager_janitor.go:93
2026-02-13T17:52:36.036+00:00 [INFO] ctl/manager: GetNodeInfo
2026-02-13T17:52:36.037+00:00 [INFO] ctl/manager: PrepareTopologyChange, change: {0358d5c65122478cb1eb30243c768c13 [] topology-change-rebalance [{{c9a830af82defe8f9f4d0abc2002822c 0 <nil>} recovery-full}] []}
2026-02-13T17:52:36.038+00:00 [INFO] ctl/manager: PrepareTopologyChange, done
2026-02-13T17:52:36.038+00:00 [INFO] ctl/manager: GetTaskList, haveTasksRev: 0, changed, rv: &{Rev:[50] Tasks:[{Rev:[49] ID:prepare:0358d5c65122478cb1eb30243c768c13 Type:task-prepared Status:task-running IsCancelable:true Progress:100 DetailedProgress:map[] Description:prepare topology change ErrorMessage: Extra:map[topologyChange:{ID:0358d5c65122478cb1eb30243c768c13 CurrentTopologyRev:[] Type:topology-change-rebalance KeepNodes:[{NodeInfo:{NodeID:c9a830af82defe8f9f4d0abc2002822c Priority:0 Opaque:<nil>} RecoveryType:recovery-full}] EjectNodes:[]}]}]}
2026-02-13T17:52:36.039+00:00 [INFO] ctl/manager: StartTopologyChange, change: {0358d5c65122478cb1eb30243c768c13 [] topology-change-rebalance [{{c9a830af82defe8f9f4d0abc2002822c 0 <nil>} recovery-full}] []}
2026-02-13T17:52:36.040+00:00 [INFO] ctl: waitForWantedNodes, wantedNodes: [c9a830af82defe8f9f4d0abc2002822c]
2026-02-13T17:52:36.041+00:00 [INFO] ctl: getMovingPartitionsCount, keepNodeUUIDs: [c9a830af82defe8f9f4d0abc2002822c], nodesToRemove: [], numNewNodes: 0, existingNodes: [c9a830af82defe8f9f4d0abc2002822c], totalPartitions: 0
2026-02-13T17:52:36.041+00:00 [INFO] ctl: getMovingPartitionsCount: 0
2026-02-13T17:52:36.041+00:00 [INFO] ctl/manager: StartTopologyChange, started
2026-02-13T17:52:36.041+00:00 [INFO] ctl/manager: GetTaskList, haveTasksRev: 2, changed, rv: &{Rev:[52] Tasks:[{Rev:[51] ID:rebalance:0358d5c65122478cb1eb30243c768c13 Type:task-rebalance Status:task-running IsCancelable:true Progress:0 DetailedProgress:map[] Description:topology change ErrorMessage: Extra:map[topologyChange:{ID:0358d5c65122478cb1eb30243c768c13 CurrentTopologyRev:[] Type:topology-change-rebalance KeepNodes:[{NodeInfo:{NodeID:c9a830af82defe8f9f4d0abc2002822c Priority:0 Opaque:<nil>} RecoveryType:recovery-full}] EjectNodes:[]}]}]}
2026-02-13T17:52:36.043+00:00 [INFO] ctl: waitForWantedNodes, wantedNodes: [c9a830af82defe8f9f4d0abc2002822c]
2026-02-13T17:52:36.044+00:00 [INFO] ctl: waitForWantedNodes, nodesToRemove: []
2026-02-13T17:52:36.045+00:00 [INFO] planner: nodesRemove: []string{}
2026-02-13T17:52:36.045+00:00 [INFO] planner: step unregister
2026-02-13T17:52:36.045+00:00 [INFO] planner: step planner
2026-02-13T17:52:36.053+00:00 [INFO] ctl/manager: GetTaskList, haveTasksRev: 4, changed, rv: &{Rev:[53] Tasks:[]}
