2026-02-13T17:52:26.544+00:00 [Info] Projector started with command line: [/opt/couchbase/bin/projector --httpsPort=9999 --certFile=/opt/couchbase/var/lib/couchbase/config/certs/chain.pem --keyFile=/opt/couchbase/var/lib/couchbase/config/certs/pkey.pem --caFile=/opt/couchbase/var/lib/couchbase/config/certs/ca.pem -ipv4=required -ipv6=optional -kvaddrs=127.0.0.1:11210 -adminport=:9999 -diagDir=/opt/couchbase/var/lib/couchbase/crash 127.0.0.1:8091]
2026-02-13T17:52:26.544+00:00 [Info] Parsing the args
2026-02-13T17:52:26.545+00:00 [Info] uid: 1000; gid: 1000; hostname: 1d84fd7fb83a
2026-02-13T17:52:26.545+00:00 [Info] amd64 linux; cpus: 16; GOMAXPROCS: 16; version: go1.20
2026-02-13T17:52:26.545+00:00 [Info] Setting ipv6=false
2026-02-13T17:52:26.546+00:00 [Info] Projector::updateMaxCPUPercent, setting cpuLimit of the system to: 1600 (number of cores available to this container * 100)
2026-02-13T17:52:26.546+00:00 [Info] Projector::updateMaxCpuPercent: Updating projector maxCpuPercent to: 400 as cores availble for this container are: 1600
2026-02-13T17:52:26.551+00:00 [Info] InitSystemEventLogger: Started SystemEventLogger
2026-02-13T17:52:26.555+00:00 [Info] SetMajorVersionCICL: Setting cluster version to 7
2026-02-13T17:52:26.555+00:00 [Info] newClusterInfoCacheLiteManager: started New clusterInfoCacheManager
2026-02-13T17:52:26.555+00:00 [Info] NewClusterInfoCacheLiteClient started new cicl client for projector
2026-02-13T17:52:26.555+00:00 [Info] clusterInfoCacheLiteManager: Setting retry interval in manager to 4 seconds
2026-02-13T17:52:26.555+00:00 [Info] Started new ClusterInfoProvider use_cinfo_lite: true
2026-02-13T17:52:26.556+00:00 [Info] NewClusterInfoCacheLiteClient started new cicl client for DeletedBucketsPoll
2026-02-13T17:52:26.556+00:00 [Info] MemManager::SetStatsCollectionInterval Updating stats collection interval to: 5 seconds
2026-02-13T17:52:26.556+00:00 [Info] MemManager::SetUsedMemThreshold Updating free mem threshold to: 0.5
2026-02-13T17:52:26.556+00:00 [Info] MemManager::SetRSSThreshold Updating RSS threshold to: 0.1
2026-02-13T17:52:26.556+00:00 [Info] MemManager::SetRelaxGCThreshold Updating Relax GC threshold to: 0.01
2026-02-13T17:52:26.556+00:00 [Info] StatsManager: Stats logging interval set to: 60 seconds
2026-02-13T17:52:26.556+00:00 [Info] StatsManager: vbseqnos logging interval set to: 300 seconds
2026-02-13T17:52:26.556+00:00 [Info] StatsManager: eval stats logging interval set to: 300 seconds
2026-02-13T17:52:26.556+00:00 [Info] StatsManager: eval stats logging threshold set to: 200 microseconds
2026-02-13T17:52:26.556+00:00 [Info] Projector CPU set at 400
2026-02-13T17:52:26.556+00:00 [Info] MemManager::memManager started...
2026-02-13T17:52:26.556+00:00 [Info]  changing GOGC percentage from 100 to 100
2026-02-13T17:52:26.556+00:00 [Info] serviceChangeNotifier: Creating new notifier instance for http://%40projector@127.0.0.1:8091, default
2026-02-13T17:52:26.556+00:00 [Info] MemManager::SetStatsCollectionInterval Updating stats collection interval to: 5 seconds
2026-02-13T17:52:26.556+00:00 [Info] MemManager::SetUsedMemThreshold Updating free mem threshold to: 0.5
2026-02-13T17:52:26.556+00:00 [Info] MemManager::SetRSSThreshold Updating RSS threshold to: 0.1
2026-02-13T17:52:26.556+00:00 [Info] MemManager::SetForceGCOnThreshold Updating Force GC on threshold to: true
2026-02-13T17:52:26.556+00:00 [Info] MemManager::SetRelaxGCThreshold Updating Relax GC threshold to: 0.01
2026-02-13T17:52:26.556+00:00 [Info] MemManager::SetMemThrottle Enable memory throttling
2026-02-13T17:52:26.556+00:00 [Info] MemManager::SetInitBuildThrottleStartLevel Updated init build throttle start level to 0
2026-02-13T17:52:26.556+00:00 [Info] MemManager::SetIncrBuildThrottleStartLevel Updated incr build throttle start level to 0
2026-02-13T17:52:26.556+00:00 [Info] MemManager::SetMaintStreamMemThrottle Enabling memory throttling for MAINT_STREAM
2026-02-13T17:52:26.556+00:00 [Info]  memcachedTimeout set to 120
2026-02-13T17:52:26.556+00:00 [Info] clusterInfoCacheLiteManager: Setting time difference interval in manager to force fetch to 5 minutes
2026-02-13T17:52:26.556+00:00 [Info] clusterInfoCacheLiteManager: Setting sleep interval upon notifier restart in manager to 1000 milliSeconds
2026-02-13T17:52:26.556+00:00 [Info] amd64 linux; cpus: 16; GOMAXPROCS: 4; version: go1.20
2026-02-13T17:52:26.557+00:00 [Info] Recieve security change notification. code 7
2026-02-13T17:52:26.557+00:00 [Info] TLS config refreshed successfully
2026-02-13T17:52:26.557+00:00 [Info] serviceChangeNotifier: received ServiceChangeNotification
2026-02-13T17:52:26.557+00:00 [Info] serviceChangeNotifier: received PoolChangeNotification
2026-02-13T17:52:26.566+00:00 [Info] Certificate refreshed successfully with certFile /opt/couchbase/var/lib/couchbase/config/certs/chain.pem, keyFile /opt/couchbase/var/lib/couchbase/config/certs/pkey.pem, caFile /opt/couchbase/var/lib/couchbase/config/certs/ca.pem
2026-02-13T17:52:26.566+00:00 [Info] Encryption config refresh successfully.   Encryption enabled=false
2026-02-13T17:52:26.566+00:00 [Info] security context:  encryptLocalHost true Local IP's: map[127.0.0.1:true 172.21.0.2:true ::1:true]
2026-02-13T17:52:26.570+00:00 [Info] security context initialized
2026-02-13T17:52:26.570+00:00 [Info] security port mapping updated : map[11210:11207 8091:18091 8093:18093 9100:9100 9101:9101 9102:19102 9103:9103 9104:9104 9105:9105 9999:9999]
2026-02-13T17:52:26.570+00:00 [Info] audit::InitAuditService using address http://127.0.0.1:8091
2026/02/13 17:52:26 audit: created new audit service
2026-02-13T17:52:26.573+00:00 [Info] PROJ[:9999] changing GOGC percentage from 100 to 100
2026-02-13T17:52:26.573+00:00 [Info] PROJ[:9999] started ...
2026-02-13T17:52:26.574+00:00 [Info] pram[:9999] registered /adminport/vbmapRequest
2026-02-13T17:52:26.574+00:00 [Info] pram[:9999] registered /adminport/failoverLogRequest
2026-02-13T17:52:26.574+00:00 [Info] pram[:9999] registered /adminport/mutationTopicRequest
2026-02-13T17:52:26.574+00:00 [Info] pram[:9999] registered /adminport/restartVbucketsRequest
2026-02-13T17:52:26.574+00:00 [Info] pram[:9999] registered /adminport/shutdownVbucketsRequest
2026-02-13T17:52:26.574+00:00 [Info] pram[:9999] registered /adminport/addBucketsRequest
2026-02-13T17:52:26.574+00:00 [Info] pram[:9999] registered /adminport/delBucketsRequest
2026-02-13T17:52:26.574+00:00 [Info] pram[:9999] registered /adminport/addInstancesRequest
2026-02-13T17:52:26.574+00:00 [Info] pram[:9999] registered /adminport/delInstancesRequest
2026-02-13T17:52:26.574+00:00 [Info] pram[:9999] registered /adminport/repairEndpointsRequest
2026-02-13T17:52:26.574+00:00 [Info] pram[:9999] registered /adminport/shutdownTopicRequest
2026-02-13T17:52:26.574+00:00 [Info] pram[:9999] registered /adminport/stats
2026-02-13T17:52:26.574+00:00 [Info] pram[:9999] registered handler-func /stats
2026-02-13T17:52:26.574+00:00 [Info] pram[:9999] registered handler-func /stats/cinfolite
2026-02-13T17:52:26.574+00:00 [Info] pram[:9999] registered handler-func /settings
2026-02-13T17:52:26.574+00:00 [Info] pram[:9999] registered handler-func /getInternalVersion
2026-02-13T17:52:26.574+00:00 [Info] pram[:9999] registered handler-func /debug/pprof
2026-02-13T17:52:26.574+00:00 [Info] pram[:9999] registered handler-func /debug/pprof/block
2026-02-13T17:52:26.574+00:00 [Info] pram[:9999] registered handler-func /debug/pprof/goroutine
2026-02-13T17:52:26.574+00:00 [Info] pram[:9999] registered handler-func /debug/pprof/heap
2026-02-13T17:52:26.574+00:00 [Info] pram[:9999] registered handler-func /debug/pprof/threadcreate
2026-02-13T17:52:26.574+00:00 [Info] pram[:9999] registered handler-func /debug/pprof/profile
2026-02-13T17:52:26.574+00:00 [Info] MSAT starting with 60000 tick ...
2026-02-13T17:52:26.574+00:00 [Info] pram[:9999] starting ...
2026-02-13T17:52:26.575+00:00 [Info] New settings received: 
{"indexer.settings.compaction.days_of_week":"Sunday,Monday,Tuesday,Wednesday,Thursday,Friday,Saturday","indexer.settings.rebalance.redistribute_indexes":false,"indexer.settings.compaction.interval":"00:00,00:00","indexer.settings.compaction.compaction_mode":"circular","indexer.settings.log_level":"info","indexer.settings.persisted_snapshot.interval":5000,"indexer.settings.compaction.min_frag":30,"indexer.settings.inmemory_snapshot.interval":200,"indexer.settings.enable_page_bloom_filter":false,"indexer.settings.max_cpu_percent":0,"indexer.settings.storage_mode":"plasma","indexer.settings.recovery.max_rollbacks":2,"indexer.settings.num_replica":0,"indexer.settings.memory_quota":268435456,"indexer.settings.compaction.abort_exceed_interval":false}
2026-02-13T17:52:26.575+00:00 [Info] PROJ[:9999] settings notifier from metakv
2026-02-13T17:52:26.575+00:00 [Info] PROJ[:9999] settings indexer.settings.maxVbQueueLength will updated to `0`
2026-02-13T17:52:26.575+00:00 [Info] PROJ[:9999] settings indexer.settings.log_level will updated to `info`
2026-02-13T17:52:26.575+00:00 [Info] PROJ[:9999] settings indexer.settings.cpuProfDir will updated to ``
2026-02-13T17:52:26.575+00:00 [Info] PROJ[:9999] settings indexer.settings.smallSnapshotThreshold will updated to `30`
2026-02-13T17:52:26.575+00:00 [Info] PROJ[:9999] settings indexer.settings.build.batch_size will updated to `5`
2026-02-13T17:52:26.575+00:00 [Info] PROJ[:9999] settings indexer.settings.moi.persistence_threads will updated to `8`
2026-02-13T17:52:26.575+00:00 [Info] PROJ[:9999] settings indexer.settings.compaction.days_of_week will updated to `Sunday,Monday,Tuesday,Wednesday,Thursday,Friday,Saturday`
2026-02-13T17:52:26.575+00:00 [Info] PROJ[:9999] settings indexer.settings.enable_page_bloom_filter will updated to `false`
2026-02-13T17:52:26.575+00:00 [Info] PROJ[:9999] settings indexer.settings.plasma.recovery.max_rollbacks will updated to `2`
2026-02-13T17:52:26.575+00:00 [Info] PROJ[:9999] settings indexer.settings.enable_corrupt_index_backup will updated to `false`
2026-02-13T17:52:26.575+00:00 [Info] PROJ[:9999] settings indexer.settings.wal_size will updated to `4096`
2026-02-13T17:52:26.575+00:00 [Info] PROJ[:9999] settings indexer.settings.inmemory_snapshot.moi.interval will updated to `10`
2026-02-13T17:52:26.575+00:00 [Info] PROJ[:9999] settings indexer.settings.compaction.abort_exceed_interval will updated to `false`
2026-02-13T17:52:26.575+00:00 [Info] PROJ[:9999] settings indexer.settings.compaction.min_frag will updated to `30`
2026-02-13T17:52:26.575+00:00 [Info] PROJ[:9999] settings indexer.settings.rebalance.redistribute_indexes will updated to `false`
2026-02-13T17:52:26.575+00:00 [Info] PROJ[:9999] settings indexer.settings.persisted_snapshot.moi.interval will updated to `600000`
2026-02-13T17:52:26.575+00:00 [Warn] PROJ[:9999] immutable settings queryport.client.settings.poolSize cannot be update to `5000`
2026-02-13T17:52:26.575+00:00 [Info] PROJ[:9999] settings indexer.settings.num_replica will updated to `0`
2026-02-13T17:52:26.575+00:00 [Info] PROJ[:9999] settings indexer.settings.persisted_snapshot.interval will updated to `5000`
2026-02-13T17:52:26.575+00:00 [Info] PROJ[:9999] settings indexer.settings.cpuProfile will updated to `false`
2026-02-13T17:52:26.575+00:00 [Info] PROJ[:9999] settings indexer.settings.scan_getseqnos_retries will updated to `30`
2026-02-13T17:52:26.575+00:00 [Info] PROJ[:9999] settings indexer.settings.compaction.plasma.optional.decrement will updated to `5`
2026-02-13T17:52:26.575+00:00 [Info] PROJ[:9999] settings indexer.settings.eTagPeriod will updated to `240`
2026-02-13T17:52:26.575+00:00 [Info] PROJ[:9999] settings indexer.settings.persisted_snapshot_init_build.moi.interval will updated to `600000`
2026-02-13T17:52:26.575+00:00 [Info] PROJ[:9999] settings indexer.settings.max_writer_lock_prob will updated to `20`
2026-02-13T17:52:26.575+00:00 [Info] PROJ[:9999] settings indexer.settings.memProfile will updated to `false`
2026-02-13T17:52:26.575+00:00 [Info] PROJ[:9999] settings indexer.settings.sliceBufSize will updated to `3200`
2026-02-13T17:52:26.575+00:00 [Info] PROJ[:9999] settings indexer.settings.persisted_snapshot.fdb.interval will updated to `5000`
2026-02-13T17:52:26.575+00:00 [Info] PROJ[:9999] settings queryport.client.settings.backfillLimit will updated to `5120`
2026-02-13T17:52:26.575+00:00 [Info] PROJ[:9999] settings indexer.settings.memProfDir will updated to ``
2026-02-13T17:52:26.575+00:00 [Info] PROJ[:9999] settings indexer.settings.inmemory_snapshot.fdb.interval will updated to `200`
2026-02-13T17:52:26.575+00:00 [Warn] PROJ[:9999] immutable settings queryport.client.settings.relConnBatchSize cannot be update to `100`
2026-02-13T17:52:26.575+00:00 [Info] PROJ[:9999] settings indexer.settings.fast_flush_mode will updated to `true`
2026-02-13T17:52:26.575+00:00 [Warn] PROJ[:9999] immutable settings queryport.client.settings.minPoolSizeWM cannot be update to `1000`
2026-02-13T17:52:26.575+00:00 [Info] PROJ[:9999] settings indexer.settings.corrupt_index_num_backups will updated to `1`
2026-02-13T17:52:26.575+00:00 [Info] PROJ[:9999] settings indexer.settings.moi.recovery.max_rollbacks will updated to `2`
2026-02-13T17:52:26.575+00:00 [Info] PROJ[:9999] settings indexer.settings.compaction.plasma.optional.quota will updated to `25`
2026-02-13T17:52:26.575+00:00 [Info] PROJ[:9999] settings indexer.settings.minVbQueueLength will updated to `50`
2026-02-13T17:52:26.575+00:00 [Info] PROJ[:9999] settings indexer.settings.snapshotRequestWorkers will updated to `8`
2026-02-13T17:52:26.575+00:00 [Warn] PROJ[:9999] immutable settings indexer.settings.scan_timeout cannot be update to `120000`
2026-02-13T17:52:26.575+00:00 [Info] PROJ[:9999] settings indexer.settings.gc_percent will updated to `100`
2026-02-13T17:52:26.575+00:00 [Info] PROJ[:9999] settings indexer.settings.compaction.compaction_mode will updated to `circular`
2026-02-13T17:52:26.575+00:00 [Info] PROJ[:9999] settings indexer.settings.allow_large_keys will updated to `true`
2026-02-13T17:52:26.575+00:00 [Info] PROJ[:9999] settings indexer.settings.largeSnapshotThreshold will updated to `200`
2026-02-13T17:52:26.575+00:00 [Info] PROJ[:9999] settings indexer.settings.recovery.max_rollbacks will updated to `2`
2026-02-13T17:52:26.575+00:00 [Info] PROJ[:9999] settings indexer.settings.snapshotListeners will updated to `8`
2026-02-13T17:52:26.575+00:00 [Info] PROJ[:9999] settings indexer.settings.memory_quota will updated to `268435456`
2026-02-13T17:52:26.575+00:00 [Info] PROJ[:9999] settings indexer.settings.persisted_snapshot_init_build.fdb.interval will updated to `5000`
2026-02-13T17:52:26.575+00:00 [Info] PROJ[:9999] settings indexer.settings.persisted_snapshot_init_build.interval will updated to `5000`
2026-02-13T17:52:26.575+00:00 [Info] PROJ[:9999] settings indexer.settings.max_seckey_size will updated to `4608`
2026-02-13T17:52:26.575+00:00 [Info] PROJ[:9999] settings indexer.settings.compaction.min_size will updated to `524288000`
2026-02-13T17:52:26.575+00:00 [Info] PROJ[:9999] settings indexer.settings.moi.debug will updated to `false`
2026-02-13T17:52:26.575+00:00 [Info] PROJ[:9999] settings indexer.settings.max_array_seckey_size will updated to `10240`
2026-02-13T17:52:26.575+00:00 [Warn] PROJ[:9999] immutable settings indexer.settings.send_buffer_size cannot be update to `1024`
2026-02-13T17:52:26.575+00:00 [Info] PROJ[:9999] settings indexer.settings.max_cpu_percent will updated to `0`
2026-02-13T17:52:26.575+00:00 [Info] PROJ[:9999] settings projector.settings.log_level will updated to `info`
2026-02-13T17:52:26.575+00:00 [Info] PROJ[:9999] settings indexer.settings.moi.recovery_threads will updated to `16`
2026-02-13T17:52:26.575+00:00 [Info] PROJ[:9999] settings indexer.settings.storage_mode will updated to `plasma`
2026-02-13T17:52:26.575+00:00 [Info] PROJ[:9999] settings indexer.settings.bufferPoolBlockSize will updated to `16384`
2026-02-13T17:52:26.575+00:00 [Info] PROJ[:9999] settings indexer.settings.compaction.interval will updated to `00:00,00:00`
2026-02-13T17:52:26.575+00:00 [Warn] PROJ[:9999] immutable settings queryport.client.settings.poolOverflow cannot be update to `30`
2026-02-13T17:52:26.575+00:00 [Info] PROJ[:9999] settings indexer.settings.compaction.plasma.optional.min_frag will updated to `20`
2026-02-13T17:52:26.575+00:00 [Info] PROJ[:9999] settings indexer.settings.statsLogDumpInterval will updated to `60`
2026-02-13T17:52:26.575+00:00 [Info] PROJ[:9999] settings indexer.settings.compaction.check_period will updated to `30`
2026-02-13T17:52:26.575+00:00 [Info] PROJ[:9999] settings indexer.settings.compaction.plasma.manual will updated to `false`
2026-02-13T17:52:26.575+00:00 [Info] PROJ[:9999] settings indexer.settings.storage_mode.disable_upgrade will updated to `false`
2026-02-13T17:52:26.575+00:00 [Info] PROJ[:9999] settings indexer.settings.inmemory_snapshot.interval will updated to `200`
2026-02-13T17:52:26.575+00:00 [Info] amd64 linux; cpus: 16; GOMAXPROCS: 4; version: go1.20
2026-02-13T17:52:27.556+00:00 [Info] MemMgr::adjustGCPercent Setting projector GC percent at: 400
2026-02-13T17:52:32.572+00:00 [Info] pram[:9999] Request "/adminport/shutdownTopicRequest"
2026-02-13T17:52:32.572+00:00 [Info] PROJ[:9999] ##1 doShutdownTopic() "MAINT_STREAM_TOPIC_c9a830af82defe8f9f4d0abc2002822c"
2026-02-13T17:52:32.572+00:00 [Error] PROJ[:9999] ##1 acquireFeed(): projector.topicMissing
2026-02-13T17:52:32.572+00:00 [Info] PROJ[:9999] ##1 doShutdownTopic() returns ...
2026-02-13T17:52:32.573+00:00 [Info] pram[:9999] Request "/adminport/shutdownTopicRequest"
2026-02-13T17:52:32.573+00:00 [Info] PROJ[:9999] ##2 doShutdownTopic() "INIT_STREAM_TOPIC_c9a830af82defe8f9f4d0abc2002822c"
2026-02-13T17:52:32.573+00:00 [Error] PROJ[:9999] ##2 acquireFeed(): projector.topicMissing
2026-02-13T17:52:32.573+00:00 [Info] PROJ[:9999] ##2 doShutdownTopic() returns ...
2026-02-13T17:52:32.581+00:00 [Info] New settings received: 
{"indexer.plasma.backIndex.enablePageBloomFilter":false,"indexer.settings.compaction.abort_exceed_interval":false,"indexer.settings.compaction.compaction_mode":"circular","indexer.settings.compaction.days_of_week":"Sunday,Monday,Tuesday,Wednesday,Thursday,Friday,Saturday","indexer.settings.compaction.interval":"00:00,00:00","indexer.settings.compaction.min_frag":30,"indexer.settings.enable_page_bloom_filter":false,"indexer.settings.inmemory_snapshot.interval":200,"indexer.settings.log_level":"info","indexer.settings.max_cpu_percent":0,"indexer.settings.memory_quota":268435456,"indexer.settings.num_replica":0,"indexer.settings.persisted_snapshot.interval":5000,"indexer.settings.rebalance.redistribute_indexes":false,"indexer.settings.recovery.max_rollbacks":2,"indexer.settings.storage_mode":"plasma"}
2026-02-13T17:52:32.582+00:00 [Info] PROJ[:9999] settings notifier from metakv
2026-02-13T17:52:32.582+00:00 [Info] PROJ[:9999] settings indexer.settings.recovery.max_rollbacks will updated to `2`
2026-02-13T17:52:32.582+00:00 [Info] PROJ[:9999] settings indexer.settings.compaction.plasma.optional.quota will updated to `25`
2026-02-13T17:52:32.582+00:00 [Info] PROJ[:9999] settings indexer.settings.compaction.compaction_mode will updated to `circular`
2026-02-13T17:52:32.582+00:00 [Info] PROJ[:9999] settings indexer.settings.persisted_snapshot.interval will updated to `5000`
2026-02-13T17:52:32.582+00:00 [Info] PROJ[:9999] settings projector.settings.log_level will updated to `info`
2026-02-13T17:52:32.582+00:00 [Info] PROJ[:9999] settings indexer.settings.wal_size will updated to `4096`
2026-02-13T17:52:32.582+00:00 [Info] PROJ[:9999] settings indexer.settings.storage_mode will updated to `plasma`
2026-02-13T17:52:32.582+00:00 [Info] PROJ[:9999] settings indexer.settings.bufferPoolBlockSize will updated to `16384`
2026-02-13T17:52:32.582+00:00 [Info] PROJ[:9999] settings indexer.plasma.backIndex.enablePageBloomFilter will updated to `false`
2026-02-13T17:52:32.582+00:00 [Info] PROJ[:9999] settings indexer.settings.compaction.days_of_week will updated to `Sunday,Monday,Tuesday,Wednesday,Thursday,Friday,Saturday`
2026-02-13T17:52:32.582+00:00 [Info] PROJ[:9999] settings indexer.settings.snapshotRequestWorkers will updated to `8`
2026-02-13T17:52:32.582+00:00 [Warn] PROJ[:9999] immutable settings queryport.client.settings.minPoolSizeWM cannot be update to `1000`
2026-02-13T17:52:32.582+00:00 [Info] PROJ[:9999] settings indexer.settings.inmemory_snapshot.fdb.interval will updated to `200`
2026-02-13T17:52:32.582+00:00 [Info] PROJ[:9999] settings indexer.settings.memProfile will updated to `false`
2026-02-13T17:52:32.582+00:00 [Info] PROJ[:9999] settings indexer.settings.compaction.check_period will updated to `30`
2026-02-13T17:52:32.582+00:00 [Info] PROJ[:9999] settings indexer.settings.storage_mode.disable_upgrade will updated to `false`
2026-02-13T17:52:32.582+00:00 [Info] PROJ[:9999] settings indexer.settings.inmemory_snapshot.interval will updated to `200`
2026-02-13T17:52:32.582+00:00 [Info] PROJ[:9999] settings indexer.settings.persisted_snapshot_init_build.interval will updated to `5000`
2026-02-13T17:52:32.582+00:00 [Warn] PROJ[:9999] immutable settings indexer.settings.scan_timeout cannot be update to `120000`
2026-02-13T17:52:32.582+00:00 [Info] PROJ[:9999] settings indexer.settings.enable_page_bloom_filter will updated to `false`
2026-02-13T17:52:32.582+00:00 [Info] PROJ[:9999] settings indexer.settings.allow_large_keys will updated to `true`
2026-02-13T17:52:32.582+00:00 [Info] PROJ[:9999] settings indexer.settings.enable_corrupt_index_backup will updated to `false`
2026-02-13T17:52:32.582+00:00 [Info] PROJ[:9999] settings indexer.settings.max_array_seckey_size will updated to `10240`
2026-02-13T17:52:32.582+00:00 [Info] PROJ[:9999] settings indexer.settings.compaction.abort_exceed_interval will updated to `false`
2026-02-13T17:52:32.582+00:00 [Info] PROJ[:9999] settings indexer.settings.eTagPeriod will updated to `240`
2026-02-13T17:52:32.582+00:00 [Info] PROJ[:9999] settings indexer.settings.scan_getseqnos_retries will updated to `30`
2026-02-13T17:52:32.582+00:00 [Info] PROJ[:9999] settings indexer.settings.compaction.plasma.manual will updated to `false`
2026-02-13T17:52:32.582+00:00 [Info] PROJ[:9999] settings indexer.settings.max_seckey_size will updated to `4608`
2026-02-13T17:52:32.582+00:00 [Info] PROJ[:9999] settings indexer.settings.compaction.min_frag will updated to `30`
2026-02-13T17:52:32.582+00:00 [Info] PROJ[:9999] settings indexer.settings.plasma.recovery.max_rollbacks will updated to `2`
2026-02-13T17:52:32.582+00:00 [Info] PROJ[:9999] settings queryport.client.settings.backfillLimit will updated to `5120`
2026-02-13T17:52:32.582+00:00 [Info] PROJ[:9999] settings indexer.settings.minVbQueueLength will updated to `50`
2026-02-13T17:52:32.582+00:00 [Info] PROJ[:9999] settings indexer.settings.sliceBufSize will updated to `3200`
2026-02-13T17:52:32.582+00:00 [Warn] PROJ[:9999] immutable settings queryport.client.settings.relConnBatchSize cannot be update to `100`
2026-02-13T17:52:32.582+00:00 [Info] PROJ[:9999] settings indexer.settings.inmemory_snapshot.moi.interval will updated to `10`
2026-02-13T17:52:32.582+00:00 [Info] PROJ[:9999] settings indexer.settings.fast_flush_mode will updated to `true`
2026-02-13T17:52:32.582+00:00 [Warn] PROJ[:9999] immutable settings queryport.client.settings.poolSize cannot be update to `5000`
2026-02-13T17:52:32.582+00:00 [Info] PROJ[:9999] settings indexer.settings.corrupt_index_num_backups will updated to `1`
2026-02-13T17:52:32.582+00:00 [Info] PROJ[:9999] settings indexer.settings.maxVbQueueLength will updated to `0`
2026-02-13T17:52:32.582+00:00 [Info] PROJ[:9999] settings indexer.settings.num_replica will updated to `0`
2026-02-13T17:52:32.582+00:00 [Info] PROJ[:9999] settings indexer.settings.largeSnapshotThreshold will updated to `200`
2026-02-13T17:52:32.582+00:00 [Info] PROJ[:9999] settings indexer.settings.moi.persistence_threads will updated to `8`
2026-02-13T17:52:32.582+00:00 [Info] PROJ[:9999] settings indexer.settings.snapshotListeners will updated to `8`
2026-02-13T17:52:32.582+00:00 [Info] PROJ[:9999] settings indexer.settings.cpuProfDir will updated to ``
2026-02-13T17:52:32.582+00:00 [Info] PROJ[:9999] settings indexer.settings.persisted_snapshot.fdb.interval will updated to `5000`
2026-02-13T17:52:32.582+00:00 [Info] PROJ[:9999] settings indexer.settings.moi.recovery.max_rollbacks will updated to `2`
2026-02-13T17:52:32.582+00:00 [Info] PROJ[:9999] settings indexer.settings.rebalance.redistribute_indexes will updated to `false`
2026-02-13T17:52:32.582+00:00 [Info] PROJ[:9999] settings indexer.settings.persisted_snapshot_init_build.fdb.interval will updated to `5000`
2026-02-13T17:52:32.582+00:00 [Info] PROJ[:9999] settings indexer.settings.memProfDir will updated to ``
2026-02-13T17:52:32.582+00:00 [Info] PROJ[:9999] settings indexer.settings.max_cpu_percent will updated to `0`
2026-02-13T17:52:32.582+00:00 [Info] PROJ[:9999] settings indexer.settings.log_level will updated to `info`
2026-02-13T17:52:32.582+00:00 [Info] PROJ[:9999] settings indexer.settings.compaction.plasma.optional.min_frag will updated to `20`
2026-02-13T17:52:32.582+00:00 [Info] PROJ[:9999] settings indexer.settings.smallSnapshotThreshold will updated to `30`
2026-02-13T17:52:32.582+00:00 [Info] PROJ[:9999] settings indexer.settings.build.batch_size will updated to `5`
2026-02-13T17:52:32.582+00:00 [Info] PROJ[:9999] settings indexer.settings.persisted_snapshot.moi.interval will updated to `600000`
2026-02-13T17:52:32.582+00:00 [Info] PROJ[:9999] settings indexer.settings.gc_percent will updated to `100`
2026-02-13T17:52:32.582+00:00 [Info] PROJ[:9999] settings indexer.settings.compaction.min_size will updated to `524288000`
2026-02-13T17:52:32.582+00:00 [Info] PROJ[:9999] settings indexer.settings.compaction.plasma.optional.decrement will updated to `5`
2026-02-13T17:52:32.582+00:00 [Warn] PROJ[:9999] immutable settings indexer.settings.send_buffer_size cannot be update to `1024`
2026-02-13T17:52:32.582+00:00 [Info] PROJ[:9999] settings indexer.settings.cpuProfile will updated to `false`
2026-02-13T17:52:32.582+00:00 [Info] PROJ[:9999] settings indexer.settings.persisted_snapshot_init_build.moi.interval will updated to `600000`
2026-02-13T17:52:32.582+00:00 [Info] PROJ[:9999] settings indexer.settings.moi.recovery_threads will updated to `16`
2026-02-13T17:52:32.582+00:00 [Info] PROJ[:9999] settings indexer.settings.memory_quota will updated to `268435456`
2026-02-13T17:52:32.582+00:00 [Info] PROJ[:9999] settings indexer.settings.moi.debug will updated to `false`
2026-02-13T17:52:32.582+00:00 [Info] PROJ[:9999] settings indexer.settings.compaction.interval will updated to `00:00,00:00`
2026-02-13T17:52:32.582+00:00 [Warn] PROJ[:9999] immutable settings queryport.client.settings.poolOverflow cannot be update to `30`
2026-02-13T17:52:32.582+00:00 [Info] PROJ[:9999] settings indexer.settings.statsLogDumpInterval will updated to `60`
2026-02-13T17:52:32.582+00:00 [Info] PROJ[:9999] settings indexer.settings.max_writer_lock_prob will updated to `20`
2026-02-13T17:52:32.582+00:00 [Info] amd64 linux; cpus: 16; GOMAXPROCS: 4; version: go1.20
2026-02-13T17:52:36.085+00:00 [Info] serviceChangeNotifier: received ServiceChangeNotification
2026-02-13T17:52:36.087+00:00 [Info] serviceChangeNotifier: received PoolChangeNotification
2026-02-13T17:52:36.173+00:00 [Info] serviceChangeNotifier: received ServiceChangeNotification
2026-02-13T17:52:36.177+00:00 [Info] serviceChangeNotifier: received PoolChangeNotification
2026-02-13T17:53:26.765+00:00 [Info] Projector stats: {"cpu_utilisation_rate":0, "memory_rss":30593024, "memory_free":15075270656,"memory_total":16658030592,"gc_percent":400, "throttle_level":0}
2026-02-13T17:53:26.781+00:00 [Info] New settings received: 
{"indexer.plasma.backIndex.enableInMemoryCompression":true,"indexer.plasma.backIndex.enablePageBloomFilter":false,"indexer.plasma.mainIndex.enableInMemoryCompression":true,"indexer.settings.allow_large_keys":true,"indexer.settings.bufferPoolBlockSize":16384,"indexer.settings.build.batch_size":5,"indexer.settings.compaction.abort_exceed_interval":false,"indexer.settings.compaction.check_period":30,"indexer.settings.compaction.compaction_mode":"circular","indexer.settings.compaction.days_of_week":"Sunday,Monday,Tuesday,Wednesday,Thursday,Friday,Saturday","indexer.settings.compaction.interval":"00:00,00:00","indexer.settings.compaction.min_frag":30,"indexer.settings.compaction.min_size":524288000,"indexer.settings.compaction.plasma.manual":false,"indexer.settings.compaction.plasma.optional.decrement":5,"indexer.settings.compaction.plasma.optional.min_frag":20,"indexer.settings.compaction.plasma.optional.quota":25,"indexer.settings.corrupt_index_num_backups":1,"indexer.settings.cpuProfDir":"","indexer.settings.cpuProfile":false,"indexer.settings.eTagPeriod":240,"indexer.settings.enable_corrupt_index_backup":false,"indexer.settings.enable_page_bloom_filter":false,"indexer.settings.fast_flush_mode":true,"indexer.settings.gc_percent":100,"indexer.settings.inmemory_snapshot.fdb.interval":200,"indexer.settings.inmemory_snapshot.interval":200,"indexer.settings.inmemory_snapshot.moi.interval":10,"indexer.settings.largeSnapshotThreshold":200,"indexer.settings.log_level":"info","indexer.settings.maxVbQueueLength":0,"indexer.settings.max_array_seckey_size":10240,"indexer.settings.max_cpu_percent":0,"indexer.settings.max_seckey_size":4608,"indexer.settings.max_writer_lock_prob":20,"indexer.settings.memProfDir":"","indexer.settings.memProfile":false,"indexer.settings.memory_quota":268435456,"indexer.settings.minVbQueueLength":50,"indexer.settings.moi.debug":false,"indexer.settings.moi.persistence_threads":8,"indexer.settings.moi.recovery.max_rollbacks":2,"indexer.settings.moi.recovery_threads":16,"indexer.settings.num_replica":0,"indexer.settings.persisted_snapshot.fdb.interval":5000,"indexer.settings.persisted_snapshot.interval":5000,"indexer.settings.persisted_snapshot.moi.interval":600000,"indexer.settings.persisted_snapshot_init_build.fdb.interval":5000,"indexer.settings.persisted_snapshot_init_build.interval":5000,"indexer.settings.persisted_snapshot_init_build.moi.interval":600000,"indexer.settings.plasma.recovery.max_rollbacks":2,"indexer.settings.rebalance.redistribute_indexes":false,"indexer.settings.recovery.max_rollbacks":2,"indexer.settings.scan_getseqnos_retries":30,"indexer.settings.scan_timeout":120000,"indexer.settings.send_buffer_size":1024,"indexer.settings.sliceBufSize":3200,"indexer.settings.smallSnapshotThreshold":30,"indexer.settings.snapshotListeners":8,"indexer.settings.snapshotRequestWorkers":8,"indexer.settings.statsLogDumpInterval":60,"indexer.settings.storage_mode":"plasma","indexer.settings.storage_mode.disable_upgrade":false,"indexer.settings.wal_size":4096,"projector.settings.log_level":"info","queryport.client.settings.backfillLimit":5120,"queryport.client.settings.minPoolSizeWM":1000,"queryport.client.settings.poolOverflow":30,"queryport.client.settings.poolSize":5000,"queryport.client.settings.relConnBatchSize":100}
2026-02-13T17:53:26.782+00:00 [Info] PROJ[:9999] settings notifier from metakv
2026-02-13T17:53:26.782+00:00 [Info] PROJ[:9999] settings indexer.settings.max_cpu_percent will updated to `0`
2026-02-13T17:53:26.782+00:00 [Info] PROJ[:9999] settings indexer.settings.compaction.days_of_week will updated to `Sunday,Monday,Tuesday,Wednesday,Thursday,Friday,Saturday`
2026-02-13T17:53:26.782+00:00 [Info] PROJ[:9999] settings indexer.settings.plasma.recovery.max_rollbacks will updated to `2`
2026-02-13T17:53:26.782+00:00 [Warn] PROJ[:9999] immutable settings queryport.client.settings.minPoolSizeWM cannot be update to `1000`
2026-02-13T17:53:26.782+00:00 [Info] PROJ[:9999] settings indexer.settings.allow_large_keys will updated to `true`
2026-02-13T17:53:26.782+00:00 [Info] PROJ[:9999] settings indexer.settings.max_array_seckey_size will updated to `10240`
2026-02-13T17:53:26.782+00:00 [Info] PROJ[:9999] settings indexer.settings.minVbQueueLength will updated to `50`
2026-02-13T17:53:26.782+00:00 [Info] PROJ[:9999] settings indexer.settings.fast_flush_mode will updated to `true`
2026-02-13T17:53:26.782+00:00 [Info] PROJ[:9999] settings indexer.plasma.backIndex.enableInMemoryCompression will updated to `true`
2026-02-13T17:53:26.782+00:00 [Info] PROJ[:9999] settings indexer.settings.compaction.interval will updated to `00:00,00:00`
2026-02-13T17:53:26.782+00:00 [Info] PROJ[:9999] settings indexer.settings.persisted_snapshot_init_build.moi.interval will updated to `600000`
2026-02-13T17:53:26.782+00:00 [Info] PROJ[:9999] settings indexer.settings.sliceBufSize will updated to `3200`
2026-02-13T17:53:26.782+00:00 [Info] PROJ[:9999] settings indexer.settings.compaction.plasma.optional.decrement will updated to `5`
2026-02-13T17:53:26.782+00:00 [Info] PROJ[:9999] settings indexer.settings.recovery.max_rollbacks will updated to `2`
2026-02-13T17:53:26.782+00:00 [Warn] PROJ[:9999] immutable settings queryport.client.settings.poolSize cannot be update to `5000`
2026-02-13T17:53:26.782+00:00 [Info] PROJ[:9999] settings indexer.settings.compaction.check_period will updated to `30`
2026-02-13T17:53:26.782+00:00 [Info] PROJ[:9999] settings indexer.settings.compaction.plasma.manual will updated to `false`
2026-02-13T17:53:26.782+00:00 [Info] PROJ[:9999] settings indexer.settings.moi.debug will updated to `false`
2026-02-13T17:53:26.782+00:00 [Info] PROJ[:9999] settings indexer.settings.largeSnapshotThreshold will updated to `200`
2026-02-13T17:53:26.782+00:00 [Info] PROJ[:9999] settings indexer.settings.persisted_snapshot_init_build.interval will updated to `5000`
2026-02-13T17:53:26.782+00:00 [Info] PROJ[:9999] settings indexer.settings.max_seckey_size will updated to `4608`
2026-02-13T17:53:26.782+00:00 [Info] PROJ[:9999] settings indexer.settings.moi.persistence_threads will updated to `8`
2026-02-13T17:53:26.782+00:00 [Info] PROJ[:9999] settings indexer.settings.inmemory_snapshot.fdb.interval will updated to `200`
2026-02-13T17:53:26.782+00:00 [Info] PROJ[:9999] settings indexer.settings.memProfile will updated to `false`
2026-02-13T17:53:26.782+00:00 [Warn] PROJ[:9999] immutable settings indexer.settings.scan_timeout cannot be update to `120000`
2026-02-13T17:53:26.782+00:00 [Info] PROJ[:9999] settings indexer.settings.persisted_snapshot.interval will updated to `5000`
2026-02-13T17:53:26.782+00:00 [Info] PROJ[:9999] settings indexer.settings.compaction.abort_exceed_interval will updated to `false`
2026-02-13T17:53:26.782+00:00 [Warn] PROJ[:9999] immutable settings queryport.client.settings.relConnBatchSize cannot be update to `100`
2026-02-13T17:53:26.782+00:00 [Info] PROJ[:9999] settings indexer.settings.compaction.min_frag will updated to `30`
2026-02-13T17:53:26.782+00:00 [Warn] PROJ[:9999] immutable settings queryport.client.settings.poolOverflow cannot be update to `30`
2026-02-13T17:53:26.782+00:00 [Info] PROJ[:9999] settings indexer.settings.moi.recovery_threads will updated to `16`
2026-02-13T17:53:26.782+00:00 [Info] PROJ[:9999] settings indexer.settings.rebalance.redistribute_indexes will updated to `false`
2026-02-13T17:53:26.782+00:00 [Info] PROJ[:9999] settings indexer.settings.compaction.min_size will updated to `524288000`
2026-02-13T17:53:26.782+00:00 [Info] PROJ[:9999] settings queryport.client.settings.backfillLimit will updated to `5120`
2026-02-13T17:53:26.782+00:00 [Info] PROJ[:9999] settings indexer.settings.statsLogDumpInterval will updated to `60`
2026-02-13T17:53:26.782+00:00 [Info] PROJ[:9999] settings indexer.settings.build.batch_size will updated to `5`
2026-02-13T17:53:26.782+00:00 [Info] PROJ[:9999] settings indexer.settings.moi.recovery.max_rollbacks will updated to `2`
2026-02-13T17:53:26.782+00:00 [Info] PROJ[:9999] settings indexer.settings.persisted_snapshot.fdb.interval will updated to `5000`
2026-02-13T17:53:26.782+00:00 [Warn] PROJ[:9999] immutable settings indexer.settings.send_buffer_size cannot be update to `1024`
2026-02-13T17:53:26.782+00:00 [Info] PROJ[:9999] settings indexer.settings.snapshotRequestWorkers will updated to `8`
2026-02-13T17:53:26.782+00:00 [Info] PROJ[:9999] settings projector.settings.log_level will updated to `info`
2026-02-13T17:53:26.782+00:00 [Info] PROJ[:9999] settings indexer.settings.maxVbQueueLength will updated to `0`
2026-02-13T17:53:26.782+00:00 [Info] PROJ[:9999] settings indexer.settings.cpuProfile will updated to `false`
2026-02-13T17:53:26.782+00:00 [Info] PROJ[:9999] settings indexer.settings.storage_mode.disable_upgrade will updated to `false`
2026-02-13T17:53:26.782+00:00 [Info] PROJ[:9999] settings indexer.settings.inmemory_snapshot.moi.interval will updated to `10`
2026-02-13T17:53:26.782+00:00 [Info] PROJ[:9999] settings indexer.plasma.backIndex.enablePageBloomFilter will updated to `false`
2026-02-13T17:53:26.782+00:00 [Info] PROJ[:9999] settings indexer.plasma.mainIndex.enableInMemoryCompression will updated to `true`
2026-02-13T17:53:26.782+00:00 [Info] PROJ[:9999] settings indexer.settings.memory_quota will updated to `268435456`
2026-02-13T17:53:26.782+00:00 [Info] PROJ[:9999] settings indexer.settings.compaction.plasma.optional.min_frag will updated to `20`
2026-02-13T17:53:26.782+00:00 [Info] PROJ[:9999] settings indexer.settings.smallSnapshotThreshold will updated to `30`
2026-02-13T17:53:26.782+00:00 [Info] PROJ[:9999] settings indexer.settings.storage_mode will updated to `plasma`
2026-02-13T17:53:26.782+00:00 [Info] PROJ[:9999] settings indexer.settings.compaction.plasma.optional.quota will updated to `25`
2026-02-13T17:53:26.782+00:00 [Info] PROJ[:9999] settings indexer.settings.inmemory_snapshot.interval will updated to `200`
2026-02-13T17:53:26.782+00:00 [Info] PROJ[:9999] settings indexer.settings.gc_percent will updated to `100`
2026-02-13T17:53:26.782+00:00 [Info] PROJ[:9999] settings indexer.settings.memProfDir will updated to ``
2026-02-13T17:53:26.782+00:00 [Info] PROJ[:9999] settings indexer.settings.wal_size will updated to `4096`
2026-02-13T17:53:26.782+00:00 [Info] PROJ[:9999] settings indexer.settings.enable_corrupt_index_backup will updated to `false`
2026-02-13T17:53:26.782+00:00 [Info] PROJ[:9999] settings indexer.settings.persisted_snapshot.moi.interval will updated to `600000`
2026-02-13T17:53:26.782+00:00 [Info] PROJ[:9999] settings indexer.settings.scan_getseqnos_retries will updated to `30`
2026-02-13T17:53:26.782+00:00 [Info] PROJ[:9999] settings indexer.settings.bufferPoolBlockSize will updated to `16384`
2026-02-13T17:53:26.782+00:00 [Info] PROJ[:9999] settings indexer.settings.max_writer_lock_prob will updated to `20`
2026-02-13T17:53:26.782+00:00 [Info] PROJ[:9999] settings indexer.settings.cpuProfDir will updated to ``
2026-02-13T17:53:26.782+00:00 [Info] PROJ[:9999] settings indexer.settings.snapshotListeners will updated to `8`
2026-02-13T17:53:26.782+00:00 [Info] PROJ[:9999] settings indexer.settings.num_replica will updated to `0`
2026-02-13T17:53:26.782+00:00 [Info] PROJ[:9999] settings indexer.settings.log_level will updated to `info`
2026-02-13T17:53:26.782+00:00 [Info] PROJ[:9999] settings indexer.settings.eTagPeriod will updated to `240`
2026-02-13T17:53:26.782+00:00 [Info] PROJ[:9999] settings indexer.settings.persisted_snapshot_init_build.fdb.interval will updated to `5000`
2026-02-13T17:53:26.782+00:00 [Info] PROJ[:9999] settings indexer.settings.enable_page_bloom_filter will updated to `false`
2026-02-13T17:53:26.782+00:00 [Info] PROJ[:9999] settings indexer.settings.compaction.compaction_mode will updated to `circular`
2026-02-13T17:53:26.782+00:00 [Info] PROJ[:9999] settings indexer.settings.corrupt_index_num_backups will updated to `1`
2026-02-13T17:53:26.782+00:00 [Info] amd64 linux; cpus: 16; GOMAXPROCS: 4; version: go1.20
2026-02-13T17:53:26.783+00:00 [Info] memstats {"Alloc":5634304, "TotalAlloc":6015512, "Sys":23131400, "Lookups":0, "Mallocs":13607,"Frees":2563, "HeapAlloc":5634304, "HeapSys":11698176, "HeapIdle":4358144, "HeapInuse":7340032,"HeapReleased":4358144, "HeapObjects":11044,"MSpanInuse":79680, "MSpanSys": 81600, "StackInuse": 884736,"GCSys":7582376, "LastGC":1771005146553690553,"PauseTotalNs":155036, "PauseNs":[155036], "NumGC":1}
2026-02-13T17:53:47.592+00:00 [Info] serviceChangeNotifier: Starting to monitor the bucket streaming endpoint for bucket: notification
2026-02-13T17:53:47.593+00:00 [Info] serviceChangeNotifier: received PoolChangeNotification
2026-02-13T17:53:47.593+00:00 [Info] handleBucketInfoChanges: started observing collection manifest for bucket notification
2026-02-13T17:53:47.593+00:00 [Info] handleCollectionManifestChanges: started observing collection manifest for bucket notification
2026-02-13T17:53:47.870+00:00 [Info] serviceChangeNotifier: received PoolChangeNotification
2026-02-13T17:53:48.395+00:00 [Info] serviceChangeNotifier: received PoolChangeNotification
2026-02-13T17:53:48.733+00:00 [Info] serviceChangeNotifier: received PoolChangeNotification
2026-02-13T17:53:49.889+00:00 [Info] serviceChangeNotifier: received PoolChangeNotification
2026-02-13T17:54:26.969+00:00 [Info] Projector stats: {"cpu_utilisation_rate":0, "memory_rss":31633408, "memory_free":14984011776,"memory_total":16658030592,"gc_percent":400, "throttle_level":0}
2026-02-13T17:54:26.985+00:00 [Info] memstats {"Alloc":3636704, "TotalAlloc":6337288, "Sys":23721224, "Lookups":0, "Mallocs":18468,"Frees":12882, "HeapAlloc":3636704, "HeapSys":11796480, "HeapIdle":6578176, "HeapInuse":5218304,"HeapReleased":3883008, "HeapObjects":5586,"MSpanInuse":75040, "MSpanSys": 81600, "StackInuse": 786432,"GCSys":8137184, "LastGC":1771005266968922964,"PauseTotalNs":194179, "PauseNs":[39143], "NumGC":2}
2026-02-13T17:55:27.181+00:00 [Info] Projector stats: {"cpu_utilisation_rate":0, "memory_rss":32112640, "memory_free":14966079488,"memory_total":16658030592,"gc_percent":400, "throttle_level":0}
2026-02-13T17:55:27.198+00:00 [Info] memstats {"Alloc":3642512, "TotalAlloc":6343096, "Sys":23721224, "Lookups":0, "Mallocs":18615,"Frees":12918, "HeapAlloc":3642512, "HeapSys":11796480, "HeapIdle":6569984, "HeapInuse":5226496,"HeapReleased":3874816, "HeapObjects":5697,"MSpanInuse":75040, "MSpanSys": 81600, "StackInuse": 786432,"GCSys":8143352, "LastGC":1771005266968922964,"PauseTotalNs":194179, "PauseNs":[], "NumGC":2}
2026-02-13T17:56:27.391+00:00 [Info] Projector stats: {"cpu_utilisation_rate":0, "memory_rss":32112640, "memory_free":14959423488,"memory_total":16658030592,"gc_percent":400, "throttle_level":0}
2026-02-13T17:56:27.407+00:00 [Info] memstats {"Alloc":3567080, "TotalAlloc":6348424, "Sys":23721224, "Lookups":0, "Mallocs":18749,"Frees":13263, "HeapAlloc":3567080, "HeapSys":11796480, "HeapIdle":6701056, "HeapInuse":5095424,"HeapReleased":3842048, "HeapObjects":5486,"MSpanInuse":74880, "MSpanSys": 81600, "StackInuse": 786432,"GCSys":8145400, "LastGC":1771005387403364878,"PauseTotalNs":236564, "PauseNs":[42385], "NumGC":3}
2026-02-13T17:57:27.611+00:00 [Info] Projector stats: {"cpu_utilisation_rate":0, "memory_rss":30134272, "memory_free":14958215168,"memory_total":16658030592,"gc_percent":400, "throttle_level":0}
2026-02-13T17:57:27.626+00:00 [Info] memstats {"Alloc":3573344, "TotalAlloc":6354688, "Sys":23721224, "Lookups":0, "Mallocs":18897,"Frees":13298, "HeapAlloc":3573344, "HeapSys":11796480, "HeapIdle":6684672, "HeapInuse":5111808,"HeapReleased":6193152, "HeapObjects":5599,"MSpanInuse":74880, "MSpanSys": 81600, "StackInuse": 786432,"GCSys":8147448, "LastGC":1771005387403364878,"PauseTotalNs":236564, "PauseNs":[], "NumGC":3}
2026-02-13T17:58:27.829+00:00 [Info] Projector stats: {"cpu_utilisation_rate":0, "memory_rss":30134272, "memory_free":14942400512,"memory_total":16658030592,"gc_percent":400, "throttle_level":0}
2026-02-13T17:58:27.843+00:00 [Info] memstats {"Alloc":3580992, "TotalAlloc":6362336, "Sys":23721224, "Lookups":0, "Mallocs":19050,"Frees":13333, "HeapAlloc":3580992, "HeapSys":11763712, "HeapIdle":6651904, "HeapInuse":5111808,"HeapReleased":6193152, "HeapObjects":5717,"MSpanInuse":74880, "MSpanSys": 81600, "StackInuse": 786432,"GCSys":8180216, "LastGC":1771005387403364878,"PauseTotalNs":236564, "PauseNs":[], "NumGC":3}
2026-02-13T17:59:28.045+00:00 [Info] Projector stats: {"cpu_utilisation_rate":0, "memory_rss":30404608, "memory_free":14950154240,"memory_total":16658030592,"gc_percent":400, "throttle_level":0}
2026-02-13T17:59:28.059+00:00 [Info] memstats {"Alloc":4035528, "TotalAlloc":6841048, "Sys":23721224, "Lookups":0, "Mallocs":26892,"Frees":15634, "HeapAlloc":4035528, "HeapSys":11796480, "HeapIdle":6209536, "HeapInuse":5586944,"HeapReleased":5898240, "HeapObjects":11258,"MSpanInuse":74880, "MSpanSys": 81600, "StackInuse": 786432,"GCSys":8176120, "LastGC":1771005507844742990,"PauseTotalNs":267577, "PauseNs":[31013], "NumGC":4}
