ts=2026-02-13T16:55:20.107Z caller=main.go:512 level=info msg="Starting Prometheus" version="(version=2.33.3, branch=HEAD, revision=507e397211baae975fb5ca73e21f9610973daa2a)"
ts=2026-02-13T16:55:20.107Z caller=main.go:517 level=info build_context="(go=go1.18.5, user=couchbase@801814e493e5, date=20220804-05:45:04)"
ts=2026-02-13T16:55:20.107Z caller=main.go:518 level=info host_details="(Linux 5.15.153.1-microsoft-standard-WSL2 #1 SMP Fri Mar 29 23:14:13 UTC 2024 x86_64 1d84fd7fb83a )"
ts=2026-02-13T16:55:20.107Z caller=main.go:519 level=info fd_limits="(soft=1048576, hard=1048576)"
ts=2026-02-13T16:55:20.107Z caller=main.go:520 level=info vm_limits="(soft=unlimited, hard=unlimited)"
ts=2026-02-13T16:55:20.114Z caller=web.go:570 level=info component=web msg="Start listening for connections" address=127.0.0.1:9123
ts=2026-02-13T16:55:20.117Z caller=main.go:923 level=info msg="Starting TSDB ..."
ts=2026-02-13T16:55:20.120Z caller=tls_config.go:231 level=info component=web msg="TLS is disabled." http2=false
ts=2026-02-13T16:55:20.129Z caller=head.go:493 level=info component=tsdb msg="Replaying on-disk memory mappable chunks if any"
ts=2026-02-13T16:55:20.129Z caller=head.go:527 level=info component=tsdb msg="On-disk memory mappable chunks replay completed" duration=1.997µs
ts=2026-02-13T16:55:20.130Z caller=head.go:533 level=info component=tsdb msg="Replaying WAL, this may take a while"
ts=2026-02-13T16:55:20.132Z caller=head.go:604 level=info component=tsdb msg="WAL segment loaded" segment=0 maxSegment=0
ts=2026-02-13T16:55:20.132Z caller=head.go:610 level=info component=tsdb msg="WAL replay completed" checkpoint_replay_duration=2.248315ms wal_replay_duration=741.208µs total_replay_duration=3.005839ms
ts=2026-02-13T16:55:20.134Z caller=main.go:944 level=info fs_type=1021997
ts=2026-02-13T16:55:20.134Z caller=main.go:947 level=info msg="TSDB started"
ts=2026-02-13T16:55:20.134Z caller=main.go:948 level=debug msg="TSDB options" MinBlockDuration=2h MaxBlockDuration=1d1h MaxBytes=1GiB NoLockfile=true RetentionDuration=1y WALSegmentSize=0B AllowOverlappingBlocks=false WALCompression=true
ts=2026-02-13T16:55:20.134Z caller=main.go:1128 level=info msg="Loading configuration file" filename=/opt/couchbase/var/lib/couchbase/config/prometheus.yml
ts=2026-02-13T16:55:20.136Z caller=manager.go:196 level=debug component="discovery manager scrape" msg="Starting provider" provider=static/0 subs=[general]
ts=2026-02-13T16:55:20.136Z caller=manager.go:196 level=debug component="discovery manager scrape" msg="Starting provider" provider=static/1 subs=[ns_server_high_cardinality]
ts=2026-02-13T16:55:20.136Z caller=manager.go:196 level=debug component="discovery manager scrape" msg="Starting provider" provider=static/2 subs=[kv_high_cardinality]
ts=2026-02-13T16:55:20.136Z caller=manager.go:214 level=debug component="discovery manager scrape" msg="Discoverer channel closed" provider=static/0
ts=2026-02-13T16:55:20.136Z caller=manager.go:214 level=debug component="discovery manager scrape" msg="Discoverer channel closed" provider=static/1
ts=2026-02-13T16:55:20.136Z caller=manager.go:214 level=debug component="discovery manager scrape" msg="Discoverer channel closed" provider=static/2
ts=2026-02-13T16:55:20.138Z caller=main.go:1165 level=info msg="Completed loading of configuration file" filename=/opt/couchbase/var/lib/couchbase/config/prometheus.yml totalDuration=4.183909ms db_storage=856ns remote_storage=1.251µs web_handler=419ns query_engine=763ns scrape=150.059µs scrape_sd=63.649µs notify=792ns notify_sd=956ns rules=1.994231ms
ts=2026-02-13T16:55:20.138Z caller=main.go:896 level=info msg="Server is ready to receive web requests."
ts=2026-02-13T17:52:26.069Z caller=main.go:1128 level=info msg="Loading configuration file" filename=/opt/couchbase/var/lib/couchbase/config/prometheus.yml
ts=2026-02-13T17:52:26.071Z caller=manager.go:196 level=debug component="discovery manager scrape" msg="Starting provider" provider=static/0 subs=[general]
ts=2026-02-13T17:52:26.071Z caller=manager.go:196 level=debug component="discovery manager scrape" msg="Starting provider" provider=static/1 subs=[ns_server_high_cardinality]
ts=2026-02-13T17:52:26.071Z caller=manager.go:196 level=debug component="discovery manager scrape" msg="Starting provider" provider=static/2 subs=[index_high_cardinality]
ts=2026-02-13T17:52:26.071Z caller=manager.go:196 level=debug component="discovery manager scrape" msg="Starting provider" provider=static/3 subs=[fts_high_cardinality]
ts=2026-02-13T17:52:26.071Z caller=manager.go:196 level=debug component="discovery manager scrape" msg="Starting provider" provider=static/4 subs=[kv_high_cardinality]
ts=2026-02-13T17:52:26.071Z caller=manager.go:214 level=debug component="discovery manager scrape" msg="Discoverer channel closed" provider=static/0
ts=2026-02-13T17:52:26.071Z caller=manager.go:214 level=debug component="discovery manager scrape" msg="Discoverer channel closed" provider=static/1
ts=2026-02-13T17:52:26.071Z caller=manager.go:214 level=debug component="discovery manager scrape" msg="Discoverer channel closed" provider=static/2
ts=2026-02-13T17:52:26.071Z caller=manager.go:214 level=debug component="discovery manager scrape" msg="Discoverer channel closed" provider=static/4
ts=2026-02-13T17:52:26.071Z caller=manager.go:214 level=debug component="discovery manager scrape" msg="Discoverer channel closed" provider=static/3
ts=2026-02-13T17:52:26.074Z caller=main.go:1165 level=info msg="Completed loading of configuration file" filename=/opt/couchbase/var/lib/couchbase/config/prometheus.yml totalDuration=4.699186ms db_storage=1.527µs remote_storage=1.258µs web_handler=835ns query_engine=1.57µs scrape=292.401µs scrape_sd=70.098µs notify=1.725µs notify_sd=874ns rules=2.419782ms
ts=2026-02-13T17:52:29.941Z caller=scrape.go:1292 level=debug component="scrape manager" scrape_pool=general target="http://127.0.0.1:8097/_prometheusMetrics?timeout=10000" msg="Scrape failed" err="server returned HTTP status 503 Service Unavailable"
