2026/02/13 17:52:26 cfg_metakv: metaKVCallback, path: /fts/cbgt/cfg/nodeDefs-wanted/c9a830af82defe8f9f4d0abc2002822c, key: nodeDefs-wanted/c9a830af82defe8f9f4d0abc2002822c, deletion: false
2026/02/13 17:52:26 cfg_metakv: metaKVCallback, path: /fts/cbgt/cfg/nodeDefs-known/c9a830af82defe8f9f4d0abc2002822c, key: nodeDefs-known/c9a830af82defe8f9f4d0abc2002822c, deletion: false
2026/02/13 17:52:26 cfg_metakv: metaKVCallback, path: /fts/cbgt/cfg/version, key: version, deletion: false
2026-02-13T17:52:26.719+00:00 [INFO] Current nofiles rlimit: 1048576 (max: 1048576)
2026-02-13T17:52:26.720+00:00 [INFO] Initialization of cbauth succeeded
2026-02-13T17:52:26.721+00:00 [INFO] New store created with url http://127.0.0.1:8091
2026-02-13T17:52:26.721+00:00 [Info] Recieve security change notification. encryption=false
2026-02-13T17:52:26.721+00:00 [Warn] certifcate location is missing.  Cannot refresh certifcate
2026-02-13T17:52:26.723+00:00 [INFO] keyspace N1QL_SYSTEM_BUCKET not found No bucket named N1QL_SYSTEM_BUCKET
2026-02-13T17:52:26.724+00:00 [INFO] Retrying bucket N1QL_SYSTEM_BUCKET
2026-02-13T17:52:26.727+00:00 [WARN] Changing GC percent from 0 to 200
2026-02-13T17:52:26.728+00:00 [INFO] New settings received: {"timeout":0,"numatrs":1024,"n1ql-feat-ctrl":76,"max-parallelism":1,"query.settings.curl_whitelist":{"all_access":false,"allowed_urls":[],"disallowed_urls":[]},"query.settings.tmp_space_dir":"/opt/couchbase/var/lib/couchbase/tmp","completed-limit":4000,"pipeline-batch":16,"prepared-limit":16384,"pipeline-cap":512,"memory-quota":0,"cleanupwindow":"60s","use-cbo":true,"scan-cap":512,"query.settings.tmp_space_size":5120,"completed-threshold":1000,"loglevel":"info","cleanuplostattempts":true,"cleanupclientattempts":true,"txtimeout":"0ms"}
2026-02-13T17:52:26.728+00:00 [INFO] Settings notifier from metakv
2026-02-13T17:52:26.728+00:00 [INFO] New Value for curl allowedlist <ud>map[all_access:false allowed_urls:[] disallowed_urls:[]]</ud>
2026-02-13T17:52:26.731+00:00 [AUDIT] audit: created new audit service
2026-02-13T17:52:26.731+00:00 [Info] GSIC - Setting config map[query_tmpspace_dir:/opt/couchbase/var/lib/couchbase/tmp query_tmpspace_limit:5120]
2026-02-13T17:52:26.731+00:00 [INFO] GSI indexer settings have been updated map[query_tmpspace_dir:/opt/couchbase/var/lib/couchbase/tmp query_tmpspace_limit:5120]
2026-02-13T17:52:26.732+00:00 [INFO] n1fty indexer settings have been updated map[query_tmpspace_dir:/opt/couchbase/var/lib/couchbase/tmp query_tmpspace_limit:5120]
2026-02-13T17:52:26.732+00:00 [INFO] Query Configuration changed for prepared-limit. New value is 16384
2026-02-13T17:52:26.732+00:00 [INFO] Query Configuration changed for max-parallelism. New value is 1
2026-02-13T17:52:26.732+00:00 [INFO] Query Configuration changed for completed-limit. New value is 4000
2026-02-13T17:52:26.732+00:00 [INFO] Query Configuration changed for memory-quota. New value is 0
2026-02-13T17:52:26.732+00:00 [INFO] Query Configuration changed for cleanupclientattempts. New value is true
2026-02-13T17:52:26.732+00:00 [INFO] Query Configuration changed for timeout. New value is 0
2026-02-13T17:52:26.732+00:00 [INFO] Query Configuration changed for numatrs. New value is 1024
2026-02-13T17:52:26.732+00:00 [INFO] Query Configuration changed for cleanupwindow. New value is 60s
2026-02-13T17:52:26.732+00:00 [INFO] Query Configuration changed for use-cbo. New value is true
2026-02-13T17:52:26.732+00:00 [INFO] Query Configuration changed for n1ql-feat-ctrl. New value is 76
2026-02-13T17:52:26.732+00:00 [INFO] Query Configuration changed for pipeline-batch. New value is 16
2026-02-13T17:52:26.732+00:00 [INFO] Query Configuration changed for scan-cap. New value is 512
2026-02-13T17:52:26.732+00:00 [INFO] Query Configuration changed for loglevel. New value is info
2026-02-13T17:52:26.733+00:00 [INFO] Query Configuration changed for txtimeout. New value is 0ms
2026-02-13T17:52:26.733+00:00 [INFO] Query Configuration changed for pipeline-cap. New value is 512
2026-02-13T17:52:26.733+00:00 [INFO] Query Configuration changed for completed-threshold. New value is 1000
2026-02-13T17:52:26.733+00:00 [INFO] Query Configuration changed for cleanuplostattempts. New value is true
2026-02-13T17:52:26.736+00:00 [INFO] cbq-engine started version=7.2.0-N1QL datastore=http://127.0.0.1:8091 max-concurrency=16 loglevel=INFO servicers=64 plus-servicers=256 scan-cap=512 pipeline-cap=512 pipeline-batch=16 request-cap=256 request-size-cap=67108864 max-index-api=4 max-parallelism=1 n1ql-feat-ctrl=76 use-cbo=true timeout=0s txtimeout=0s gc-percent=200
2026-02-13T17:52:26.736+00:00 [INFO] Starting audit worker 8
2026-02-13T17:52:26.736+00:00 [INFO] Starting audit worker 13
2026-02-13T17:52:26.736+00:00 [INFO] Starting audit worker 12
2026-02-13T17:52:26.736+00:00 [INFO] Starting audit worker 15
2026-02-13T17:52:26.736+00:00 [INFO] Starting audit worker 1
2026-02-13T17:52:26.736+00:00 [INFO] Starting audit worker 14
2026-02-13T17:52:26.736+00:00 [INFO] Starting audit worker 9
2026-02-13T17:52:26.736+00:00 [INFO] Starting audit worker 3
2026-02-13T17:52:26.736+00:00 [INFO] Starting audit worker 4
2026-02-13T17:52:26.736+00:00 [INFO] Starting audit worker 5
2026-02-13T17:52:26.736+00:00 [INFO] Starting audit worker 6
2026-02-13T17:52:26.736+00:00 [INFO] Starting audit worker 7
2026-02-13T17:52:26.736+00:00 [INFO] Starting audit worker 10
2026-02-13T17:52:26.736+00:00 [INFO] Starting audit worker 11
2026-02-13T17:52:26.736+00:00 [INFO] Starting audit settings worker 1.
2026-02-13T17:52:26.736+00:00 [INFO] Starting audit worker 16
2026-02-13T17:52:26.736+00:00 [INFO] Starting audit worker 2
2026-02-13T17:52:26.741+00:00 [INFO] Unable to initialize functions cache monitor Could not access functions change counter because <nil>
2026-02-13T17:52:26.744+00:00 [INFO] jsevaluator: 2026-02-13T17:52:26.744+00:00 [Info] Attempting to start UDF Query Server on port 44657 Addr: 127.0.0.1:44657
2026-02-13T17:52:27.737+00:00 [INFO] Starting audit update stream
2026-02-13T17:52:27.869+00:00 [INFO] HttpEndpoint: Listen Address - 0.0.0.0:8093
2026-02-13T17:52:27.869+00:00 [INFO] HttpEndpoint: Listen Address - [::]:8093
2026-02-13T17:52:27.870+00:00 [INFO] Certificates have been refreshed by ns server
2026-02-13T17:52:27.873+00:00 [INFO] HttpEndpoint: ListenTLS Address - [::]:18093
2026-02-13T17:52:27.873+00:00 [INFO] HttpEndpoint: ListenTLS Address - 0.0.0.0:18093
2026-02-13T17:52:27.873+00:00 [INFO] Updating node-to-node encryption level: {EncryptData:false DisableNonSSLPorts:false}
2026-02-13T17:52:27.873+00:00 [Info] Recieve security change notification. encryption=false
2026-02-13T17:52:27.877+00:00 [INFO] Initial topology: no active nodes
2026-02-13T17:52:27.879+00:00 [Info] Certificate refreshed successfully with certFile /opt/couchbase/var/lib/couchbase/config/certs/chain.pem, keyFile /opt/couchbase/var/lib/couchbase/config/certs/pkey.pem, caFile /opt/couchbase/var/lib/couchbase/config/certs/ca.pem
2026-02-13T17:52:28.392+00:00 [INFO] cfg_metakv: metaKVCallback, path: /fts/cbgt/cfg/nodeDefs-known/c9a830af82defe8f9f4d0abc2002822c, key: nodeDefs-known/c9a830af82defe8f9f4d0abc2002822c, deletion: false
2026-02-13T17:52:28.394+00:00 [INFO] cfg_metakv: metaKVCallback, path: /fts/cbgt/cfg/nodeDefs-wanted/c9a830af82defe8f9f4d0abc2002822c, key: nodeDefs-wanted/c9a830af82defe8f9f4d0abc2002822c, deletion: false
2026-02-13T17:52:36.124+00:00 [INFO] Preparing for possible topology change
2026-02-13T17:52:36.127+00:00 [INFO] Topology: c9a830af82defe8f9f4d0abc2002822c[127.0.0.1:8091]
